<?xml version="1.0" encoding="UTF-8"?>
<!-- Generated by org.testng.reporters.JUnitXMLReporter -->
<testsuite hostname="10_0_4_6" ignored="0" name="t2" tests="250" failures="62" timestamp="2020-12-14T20:14:51 CST" time="5605.411" errors="0">
  <testcase name="test01" time="12.838" classname="com.webtest.xieyuxin.ExcelTestFront"/>
  <testcase name="test02" time="12.585" classname="com.webtest.xieyuxin.ExcelTestFront"/>
  <testcase name="test03" time="14.563" classname="com.webtest.xieyuxin.ExcelTestFront"/>
  <testcase name="test1" time="10.508" classname="com.webtest.xieyuxin.ExcelTestFront"/>
  <testcase name="test10" time="10.534" classname="com.webtest.xieyuxin.ExcelTestFront"/>
  <testcase name="test11" time="18.085" classname="com.webtest.xieyuxin.ExcelTestFront"/>
  <testcase name="test12" time="19.141" classname="com.webtest.xieyuxin.ExcelTestFront"/>
  <testcase name="test13" time="22.78" classname="com.webtest.xieyuxin.ExcelTestFront"/>
  <testcase name="test14" time="24.498" classname="com.webtest.xieyuxin.ExcelTestFront"/>
  <testcase name="test15" time="20.728" classname="com.webtest.xieyuxin.ExcelTestFront"/>
  <testcase name="test16" time="22.313" classname="com.webtest.xieyuxin.ExcelTestFront"/>
  <testcase name="test17" time="20.423" classname="com.webtest.xieyuxin.ExcelTestFront"/>
  <testcase name="test18" time="20.28" classname="com.webtest.xieyuxin.ExcelTestFront"/>
  <testcase name="test2" time="12.781" classname="com.webtest.xieyuxin.ExcelTestFront"/>
  <testcase name="test27" time="22.379" classname="com.webtest.xieyuxin.ExcelTestFront"/>
  <testcase name="test28" time="16.804" classname="com.webtest.xieyuxin.ExcelTestFront"/>
  <testcase name="test29" time="18.133" classname="com.webtest.xieyuxin.ExcelTestFront"/>
  <testcase name="test3" time="38.211" classname="com.webtest.xieyuxin.ExcelTestFront"/>
  <testcase name="test30" time="47.023" classname="com.webtest.xieyuxin.ExcelTestFront"/>
  <testcase name="test31" time="18.55" classname="com.webtest.xieyuxin.ExcelTestFront"/>
  <testcase name="test32" time="19.064" classname="com.webtest.xieyuxin.ExcelTestFront"/>
  <testcase name="test33" time="20.837" classname="com.webtest.xieyuxin.ExcelTestFront"/>
  <testcase name="test37" time="20.672" classname="com.webtest.xieyuxin.ExcelTestFront"/>
  <testcase name="test38" time="20.261" classname="com.webtest.xieyuxin.ExcelTestFront"/>
  <testcase name="test39" time="20.404" classname="com.webtest.xieyuxin.ExcelTestFront"/>
  <testcase name="test4" time="31.952" classname="com.webtest.xieyuxin.ExcelTestFront"/>
  <testcase name="test40" time="18.618" classname="com.webtest.xieyuxin.ExcelTestFront"/>
  <testcase name="test41" time="18.355" classname="com.webtest.xieyuxin.ExcelTestFront"/>
  <testcase name="test42" time="18.226" classname="com.webtest.xieyuxin.ExcelTestFront"/>
  <testcase name="test43" time="18.019" classname="com.webtest.xieyuxin.ExcelTestFront"/>
  <testcase name="test44" time="18.503" classname="com.webtest.xieyuxin.ExcelTestFront"/>
  <testcase name="test45" time="17.765" classname="com.webtest.xieyuxin.ExcelTestFront"/>
  <testcase name="test5" time="27.969" classname="com.webtest.xieyuxin.ExcelTestFront"/>
  <testcase name="test6" time="29.615" classname="com.webtest.xieyuxin.ExcelTestFront"/>
  <testcase name="test7" time="31.602" classname="com.webtest.xieyuxin.ExcelTestFront"/>
  <testcase name="test8" time="32.695" classname="com.webtest.xieyuxin.ExcelTestFront">
    <failure type="org.openqa.selenium.NoSuchWindowException" message="no such window: window was already closed
  (Session info: chrome=87.0.4280.88)
Build info: version: &amp;apos;3.141.59&amp;apos;, revision: &amp;apos;e82be7d358&amp;apos;, time: &amp;apos;2018-11-14T08:25:53&amp;apos;
System info: host: &amp;apos;10_0_4_6&amp;apos;, ip: &amp;apos;10.0.4.6&amp;apos;, os.name: &amp;apos;Windows Server 2012 R2&amp;apos;, os.arch: &amp;apos;amd64&amp;apos;, os.version: &amp;apos;6.3&amp;apos;, java.version: &amp;apos;1.8.0_271&amp;apos;
Driver info: org.openqa.selenium.chrome.ChromeDriver
Capabilities {acceptInsecureCerts: false, browserName: chrome, browserVersion: 87.0.4280.88, chrome: {chromedriverVersion: 87.0.4280.88 (89e2380a3e36c..., userDataDir: C:\Users\ADMINI~1\AppData\L...}, goog:chromeOptions: {debuggerAddress: localhost:57157}, javascriptEnabled: true, networkConnectionEnabled: false, pageLoadStrategy: normal, platform: WINDOWS, platformName: WINDOWS, proxy: Proxy(), setWindowRect: true, strictFileInteractability: false, timeouts: {implicit: 0, pageLoad: 300000, script: 30000}, unhandledPromptBehavior: dismiss and notify, webauthn:virtualAuthenticators: true}
Session ID: 4b1bc41de5a605124d71d84d3d6947f3">
      <![CDATA[org.openqa.selenium.NoSuchWindowException: no such window: window was already closed
  (Session info: chrome=87.0.4280.88)
Build info: version: '3.141.59', revision: 'e82be7d358', time: '2018-11-14T08:25:53'
System info: host: '10_0_4_6', ip: '10.0.4.6', os.name: 'Windows Server 2012 R2', os.arch: 'amd64', os.version: '6.3', java.version: '1.8.0_271'
Driver info: org.openqa.selenium.chrome.ChromeDriver
Capabilities {acceptInsecureCerts: false, browserName: chrome, browserVersion: 87.0.4280.88, chrome: {chromedriverVersion: 87.0.4280.88 (89e2380a3e36c..., userDataDir: C:\Users\ADMINI~1\AppData\L...}, goog:chromeOptions: {debuggerAddress: localhost:57157}, javascriptEnabled: true, networkConnectionEnabled: false, pageLoadStrategy: normal, platform: WINDOWS, platformName: WINDOWS, proxy: Proxy(), setWindowRect: true, strictFileInteractability: false, timeouts: {implicit: 0, pageLoad: 300000, script: 30000}, unhandledPromptBehavior: dismiss and notify, webauthn:virtualAuthenticators: true}
Session ID: 4b1bc41de5a605124d71d84d3d6947f3
at org.openqa.selenium.remote.http.W3CHttpResponseCodec.createException(W3CHttpResponseCodec.java:187)
at org.openqa.selenium.remote.http.W3CHttpResponseCodec.decode(W3CHttpResponseCodec.java:122)
at org.openqa.selenium.remote.http.W3CHttpResponseCodec.decode(W3CHttpResponseCodec.java:49)
at org.openqa.selenium.remote.HttpCommandExecutor.execute(HttpCommandExecutor.java:158)
at org.openqa.selenium.remote.service.DriverCommandExecutor.execute(DriverCommandExecutor.java:83)
at org.openqa.selenium.remote.RemoteWebDriver.execute(RemoteWebDriver.java:552)
at org.openqa.selenium.remote.RemoteWebDriver.execute(RemoteWebDriver.java:609)
at org.openqa.selenium.remote.RemoteWebDriver.getPageSource(RemoteWebDriver.java:438)
at com.webtest.core.WebDriverEngine.isTextPresent(Unknown Source)
at com.webtest.xieyuxin.ExcelTestFront.test8(Unknown Source)
at java.util.ArrayList.forEach(ArrayList.java:1259)
... Removed 30 stack frames]]>
    </failure>
  </testcase> <!-- test8 -->
  <testcase name="test9" time="6.046" classname="com.webtest.xieyuxin.ExcelTestFront">
    <failure type="org.openqa.selenium.NoSuchWindowException" message="no such window: window was already closed
  (Session info: chrome=87.0.4280.88)
Build info: version: &amp;apos;3.141.59&amp;apos;, revision: &amp;apos;e82be7d358&amp;apos;, time: &amp;apos;2018-11-14T08:25:53&amp;apos;
System info: host: &amp;apos;10_0_4_6&amp;apos;, ip: &amp;apos;10.0.4.6&amp;apos;, os.name: &amp;apos;Windows Server 2012 R2&amp;apos;, os.arch: &amp;apos;amd64&amp;apos;, os.version: &amp;apos;6.3&amp;apos;, java.version: &amp;apos;1.8.0_271&amp;apos;
Driver info: org.openqa.selenium.chrome.ChromeDriver
Capabilities {acceptInsecureCerts: false, browserName: chrome, browserVersion: 87.0.4280.88, chrome: {chromedriverVersion: 87.0.4280.88 (89e2380a3e36c..., userDataDir: C:\Users\ADMINI~1\AppData\L...}, goog:chromeOptions: {debuggerAddress: localhost:57157}, javascriptEnabled: true, networkConnectionEnabled: false, pageLoadStrategy: normal, platform: WINDOWS, platformName: WINDOWS, proxy: Proxy(), setWindowRect: true, strictFileInteractability: false, timeouts: {implicit: 0, pageLoad: 300000, script: 30000}, unhandledPromptBehavior: dismiss and notify, webauthn:virtualAuthenticators: true}
Session ID: 4b1bc41de5a605124d71d84d3d6947f3">
      <![CDATA[org.openqa.selenium.NoSuchWindowException: no such window: window was already closed
  (Session info: chrome=87.0.4280.88)
Build info: version: '3.141.59', revision: 'e82be7d358', time: '2018-11-14T08:25:53'
System info: host: '10_0_4_6', ip: '10.0.4.6', os.name: 'Windows Server 2012 R2', os.arch: 'amd64', os.version: '6.3', java.version: '1.8.0_271'
Driver info: org.openqa.selenium.chrome.ChromeDriver
Capabilities {acceptInsecureCerts: false, browserName: chrome, browserVersion: 87.0.4280.88, chrome: {chromedriverVersion: 87.0.4280.88 (89e2380a3e36c..., userDataDir: C:\Users\ADMINI~1\AppData\L...}, goog:chromeOptions: {debuggerAddress: localhost:57157}, javascriptEnabled: true, networkConnectionEnabled: false, pageLoadStrategy: normal, platform: WINDOWS, platformName: WINDOWS, proxy: Proxy(), setWindowRect: true, strictFileInteractability: false, timeouts: {implicit: 0, pageLoad: 300000, script: 30000}, unhandledPromptBehavior: dismiss and notify, webauthn:virtualAuthenticators: true}
Session ID: 4b1bc41de5a605124d71d84d3d6947f3
at org.openqa.selenium.remote.http.W3CHttpResponseCodec.createException(W3CHttpResponseCodec.java:187)
at org.openqa.selenium.remote.http.W3CHttpResponseCodec.decode(W3CHttpResponseCodec.java:122)
at org.openqa.selenium.remote.http.W3CHttpResponseCodec.decode(W3CHttpResponseCodec.java:49)
at org.openqa.selenium.remote.HttpCommandExecutor.execute(HttpCommandExecutor.java:158)
at org.openqa.selenium.remote.service.DriverCommandExecutor.execute(DriverCommandExecutor.java:83)
at org.openqa.selenium.remote.RemoteWebDriver.execute(RemoteWebDriver.java:552)
at org.openqa.selenium.remote.RemoteWebDriver.executeScript(RemoteWebDriver.java:489)
at com.webtest.core.WebDriverEngine.runJs(Unknown Source)
at com.webtest.xieyuxin.ExcelTestFront.test9(Unknown Source)
at java.util.ArrayList.forEach(ArrayList.java:1259)
... Removed 30 stack frames]]>
    </failure>
  </testcase> <!-- test9 -->
  <testcase name="test01" time="17.311" classname="com.webtest.fujingyi.FrontTestDemo"/>
  <testcase name="test01" time="12.512" classname="com.webtest.fujingyi.FrontTestDemo"/>
  <testcase name="test02" time="50.676" classname="com.webtest.fujingyi.FrontTestDemo"/>
  <testcase name="test1" time="21.219" classname="com.webtest.fujingyi.FrontTestDemo"/>
  <testcase name="test2" time="22.281" classname="com.webtest.fujingyi.FrontTestDemo"/>
  <testcase name="test3" time="38.833" classname="com.webtest.fujingyi.FrontTestDemo"/>
  <testcase name="test4" time="22.281" classname="com.webtest.fujingyi.FrontTestDemo"/>
  <testcase name="test5" time="24.566" classname="com.webtest.fujingyi.FrontTestDemo"/>
  <testcase name="test6" time="9.42" classname="com.webtest.fujingyi.FrontTestDemo"/>
  <testcase name="test7" time="11.38" classname="com.webtest.fujingyi.FrontTestDemo"/>
  <testcase name="test9" time="12.347" classname="com.webtest.fujingyi.FrontTestDemo"/>
  <testcase name="test10" time="20.199" classname="com.webtest.fujingyi.FrontTestDemo"/>
  <testcase name="test12" time="22.233" classname="com.webtest.fujingyi.FrontTestDemo"/>
  <testcase name="testA1" time="43.818" classname="com.webtest.demo.FrontTestDemo">
    <failure type="java.lang.AssertionError" message="did not expect to find [true] but found [false]">
      <![CDATA[java.lang.AssertionError: did not expect to find [true] but found [false]
at com.webtest.demo.FrontTestDemo.testA1(Unknown Source)
at java.util.ArrayList.forEach(ArrayList.java:1259)
... Removed 30 stack frames]]>
    </failure>
  </testcase> <!-- testA1 -->
  <testcase name="testA2" time="28.493" classname="com.webtest.demo.FrontTestDemo"/>
  <testcase name="testA3" time="23.607" classname="com.webtest.demo.FrontTestDemo"/>
  <testcase name="testA4" time="19.091" classname="com.webtest.demo.FrontTestDemo"/>
  <testcase name="testA5" time="17.268" classname="com.webtest.demo.FrontTestDemo">
    <failure type="java.lang.AssertionError" message="did not expect to find [true] but found [false]">
      <![CDATA[java.lang.AssertionError: did not expect to find [true] but found [false]
at com.webtest.demo.FrontTestDemo.testA5(Unknown Source)
at java.util.ArrayList.forEach(ArrayList.java:1259)
... Removed 30 stack frames]]>
    </failure>
  </testcase> <!-- testA5 -->
  <testcase name="testA7" time="21.664" classname="com.webtest.demo.FrontTestDemo"/>
  <testcase name="testA8" time="31.337" classname="com.webtest.demo.FrontTestDemo">
    <failure type="java.lang.AssertionError" message="did not expect to find [true] but found [false]">
      <![CDATA[java.lang.AssertionError: did not expect to find [true] but found [false]
at com.webtest.demo.FrontTestDemo.testA8(Unknown Source)
at java.util.ArrayList.forEach(ArrayList.java:1259)
... Removed 30 stack frames]]>
    </failure>
  </testcase> <!-- testA8 -->
  <testcase name="testB0" time="25.459" classname="com.webtest.demo.FrontTestDemo">
    <failure type="java.lang.IllegalArgumentException" message="Must provide a location for a move action.">
      <![CDATA[java.lang.IllegalArgumentException: Must provide a location for a move action.
at org.openqa.selenium.interactions.MoveMouseAction.<init>(MoveMouseAction.java:37)
at org.openqa.selenium.interactions.Actions.moveToElement(Actions.java:386)
at com.webtest.core.WebDriverEngine.mouseToElement(Unknown Source)
at com.webtest.demo.FrontTestDemo.testB0(Unknown Source)
at java.util.ArrayList.forEach(ArrayList.java:1259)
... Removed 26 stack frames]]>
    </failure>
  </testcase> <!-- testB0 -->
  <testcase name="testB1" time="28.52" classname="com.webtest.demo.FrontTestDemo">
    <failure type="java.lang.AssertionError" message="did not expect to find [true] but found [false]">
      <![CDATA[java.lang.AssertionError: did not expect to find [true] but found [false]
at com.webtest.demo.FrontTestDemo.testB1(Unknown Source)
at java.util.ArrayList.forEach(ArrayList.java:1259)
... Removed 30 stack frames]]>
    </failure>
  </testcase> <!-- testB1 -->
  <testcase name="testB2" time="43.82" classname="com.webtest.demo.FrontTestDemo">
    <failure type="java.lang.AssertionError" message="did not expect to find [true] but found [false]">
      <![CDATA[java.lang.AssertionError: did not expect to find [true] but found [false]
at com.webtest.demo.FrontTestDemo.testB2(Unknown Source)
at java.util.ArrayList.forEach(ArrayList.java:1259)
... Removed 30 stack frames]]>
    </failure>
  </testcase> <!-- testB2 -->
  <testcase name="testB3" time="31.583" classname="com.webtest.demo.FrontTestDemo">
    <failure type="java.lang.AssertionError" message="did not expect to find [true] but found [false]">
      <![CDATA[java.lang.AssertionError: did not expect to find [true] but found [false]
at com.webtest.demo.FrontTestDemo.testB3(Unknown Source)
at java.util.ArrayList.forEach(ArrayList.java:1259)
... Removed 30 stack frames]]>
    </failure>
  </testcase> <!-- testB3 -->
  <testcase name="testB4" time="34.508" classname="com.webtest.demo.FrontTestDemo">
    <failure type="java.lang.AssertionError" message="did not expect to find [true] but found [false]">
      <![CDATA[java.lang.AssertionError: did not expect to find [true] but found [false]
at com.webtest.demo.FrontTestDemo.testB4(Unknown Source)
at java.util.ArrayList.forEach(ArrayList.java:1259)
... Removed 30 stack frames]]>
    </failure>
  </testcase> <!-- testB4 -->
  <testcase name="testB5" time="28.515" classname="com.webtest.demo.FrontTestDemo">
    <failure type="java.lang.AssertionError" message="did not expect to find [true] but found [false]">
      <![CDATA[java.lang.AssertionError: did not expect to find [true] but found [false]
at com.webtest.demo.FrontTestDemo.testB5(Unknown Source)
at java.util.ArrayList.forEach(ArrayList.java:1259)
... Removed 30 stack frames]]>
    </failure>
  </testcase> <!-- testB5 -->
  <testcase name="testB6" time="31.654" classname="com.webtest.demo.FrontTestDemo">
    <failure type="java.lang.AssertionError" message="did not expect to find [true] but found [false]">
      <![CDATA[java.lang.AssertionError: did not expect to find [true] but found [false]
at com.webtest.demo.FrontTestDemo.testB6(Unknown Source)
at java.util.ArrayList.forEach(ArrayList.java:1259)
... Removed 30 stack frames]]>
    </failure>
  </testcase> <!-- testB6 -->
  <testcase name="testB7" time="25.468" classname="com.webtest.demo.FrontTestDemo">
    <failure type="java.lang.AssertionError" message="did not expect to find [true] but found [false]">
      <![CDATA[java.lang.AssertionError: did not expect to find [true] but found [false]
at com.webtest.demo.FrontTestDemo.testB7(Unknown Source)
at java.util.ArrayList.forEach(ArrayList.java:1259)
... Removed 30 stack frames]]>
    </failure>
  </testcase> <!-- testB7 -->
  <testcase name="testB8" time="25.646" classname="com.webtest.demo.FrontTestDemo">
    <failure type="java.lang.AssertionError" message="did not expect to find [true] but found [false]">
      <![CDATA[java.lang.AssertionError: did not expect to find [true] but found [false]
at com.webtest.demo.FrontTestDemo.testB8(Unknown Source)
at java.util.ArrayList.forEach(ArrayList.java:1259)
... Removed 30 stack frames]]>
    </failure>
  </testcase> <!-- testB8 -->
  <testcase name="testB9" time="25.44" classname="com.webtest.demo.FrontTestDemo">
    <failure type="java.lang.AssertionError" message="did not expect to find [true] but found [false]">
      <![CDATA[java.lang.AssertionError: did not expect to find [true] but found [false]
at com.webtest.demo.FrontTestDemo.testB9(Unknown Source)
at java.util.ArrayList.forEach(ArrayList.java:1259)
... Removed 30 stack frames]]>
    </failure>
  </testcase> <!-- testB9 -->
  <testcase name="testC1" time="37.72" classname="com.webtest.demo.FrontTestDemo">
    <failure type="org.openqa.selenium.ElementNotInteractableException" message="element not interactable
  (Session info: chrome=87.0.4280.88)
Build info: version: &amp;apos;3.141.59&amp;apos;, revision: &amp;apos;e82be7d358&amp;apos;, time: &amp;apos;2018-11-14T08:25:53&amp;apos;
System info: host: &amp;apos;10_0_4_6&amp;apos;, ip: &amp;apos;10.0.4.6&amp;apos;, os.name: &amp;apos;Windows Server 2012 R2&amp;apos;, os.arch: &amp;apos;amd64&amp;apos;, os.version: &amp;apos;6.3&amp;apos;, java.version: &amp;apos;1.8.0_271&amp;apos;
Driver info: org.openqa.selenium.chrome.ChromeDriver
Capabilities {acceptInsecureCerts: false, browserName: chrome, browserVersion: 87.0.4280.88, chrome: {chromedriverVersion: 87.0.4280.88 (89e2380a3e36c..., userDataDir: C:\Users\ADMINI~1\AppData\L...}, goog:chromeOptions: {debuggerAddress: localhost:58557}, javascriptEnabled: true, networkConnectionEnabled: false, pageLoadStrategy: normal, platform: WINDOWS, platformName: WINDOWS, proxy: Proxy(), setWindowRect: true, strictFileInteractability: false, timeouts: {implicit: 0, pageLoad: 300000, script: 30000}, unhandledPromptBehavior: dismiss and notify, webauthn:virtualAuthenticators: true}
Session ID: 6d49de2e94fa41a1c6e4fe13801cd8da">
      <![CDATA[org.openqa.selenium.ElementNotInteractableException: element not interactable
  (Session info: chrome=87.0.4280.88)
Build info: version: '3.141.59', revision: 'e82be7d358', time: '2018-11-14T08:25:53'
System info: host: '10_0_4_6', ip: '10.0.4.6', os.name: 'Windows Server 2012 R2', os.arch: 'amd64', os.version: '6.3', java.version: '1.8.0_271'
Driver info: org.openqa.selenium.chrome.ChromeDriver
Capabilities {acceptInsecureCerts: false, browserName: chrome, browserVersion: 87.0.4280.88, chrome: {chromedriverVersion: 87.0.4280.88 (89e2380a3e36c..., userDataDir: C:\Users\ADMINI~1\AppData\L...}, goog:chromeOptions: {debuggerAddress: localhost:58557}, javascriptEnabled: true, networkConnectionEnabled: false, pageLoadStrategy: normal, platform: WINDOWS, platformName: WINDOWS, proxy: Proxy(), setWindowRect: true, strictFileInteractability: false, timeouts: {implicit: 0, pageLoad: 300000, script: 30000}, unhandledPromptBehavior: dismiss and notify, webauthn:virtualAuthenticators: true}
Session ID: 6d49de2e94fa41a1c6e4fe13801cd8da
at org.openqa.selenium.remote.http.W3CHttpResponseCodec.createException(W3CHttpResponseCodec.java:187)
at org.openqa.selenium.remote.http.W3CHttpResponseCodec.decode(W3CHttpResponseCodec.java:122)
at org.openqa.selenium.remote.http.W3CHttpResponseCodec.decode(W3CHttpResponseCodec.java:49)
at org.openqa.selenium.remote.HttpCommandExecutor.execute(HttpCommandExecutor.java:158)
at org.openqa.selenium.remote.service.DriverCommandExecutor.execute(DriverCommandExecutor.java:83)
at org.openqa.selenium.remote.RemoteWebDriver.execute(RemoteWebDriver.java:552)
at org.openqa.selenium.remote.RemoteWebElement.execute(RemoteWebElement.java:285)
at org.openqa.selenium.remote.RemoteWebElement.click(RemoteWebElement.java:84)
at com.webtest.core.WebDriverEngine.click(Unknown Source)
at com.webtest.demo.FrontTestDemo.testC1(Unknown Source)
at java.util.ArrayList.forEach(ArrayList.java:1259)
... Removed 30 stack frames]]>
    </failure>
  </testcase> <!-- testC1 -->
  <testcase name="testC2" time="39.597" classname="com.webtest.demo.FrontTestDemo">
    <failure type="org.openqa.selenium.ElementNotInteractableException" message="element not interactable
  (Session info: chrome=87.0.4280.88)
Build info: version: &amp;apos;3.141.59&amp;apos;, revision: &amp;apos;e82be7d358&amp;apos;, time: &amp;apos;2018-11-14T08:25:53&amp;apos;
System info: host: &amp;apos;10_0_4_6&amp;apos;, ip: &amp;apos;10.0.4.6&amp;apos;, os.name: &amp;apos;Windows Server 2012 R2&amp;apos;, os.arch: &amp;apos;amd64&amp;apos;, os.version: &amp;apos;6.3&amp;apos;, java.version: &amp;apos;1.8.0_271&amp;apos;
Driver info: org.openqa.selenium.chrome.ChromeDriver
Capabilities {acceptInsecureCerts: false, browserName: chrome, browserVersion: 87.0.4280.88, chrome: {chromedriverVersion: 87.0.4280.88 (89e2380a3e36c..., userDataDir: C:\Users\ADMINI~1\AppData\L...}, goog:chromeOptions: {debuggerAddress: localhost:58557}, javascriptEnabled: true, networkConnectionEnabled: false, pageLoadStrategy: normal, platform: WINDOWS, platformName: WINDOWS, proxy: Proxy(), setWindowRect: true, strictFileInteractability: false, timeouts: {implicit: 0, pageLoad: 300000, script: 30000}, unhandledPromptBehavior: dismiss and notify, webauthn:virtualAuthenticators: true}
Session ID: 6d49de2e94fa41a1c6e4fe13801cd8da">
      <![CDATA[org.openqa.selenium.ElementNotInteractableException: element not interactable
  (Session info: chrome=87.0.4280.88)
Build info: version: '3.141.59', revision: 'e82be7d358', time: '2018-11-14T08:25:53'
System info: host: '10_0_4_6', ip: '10.0.4.6', os.name: 'Windows Server 2012 R2', os.arch: 'amd64', os.version: '6.3', java.version: '1.8.0_271'
Driver info: org.openqa.selenium.chrome.ChromeDriver
Capabilities {acceptInsecureCerts: false, browserName: chrome, browserVersion: 87.0.4280.88, chrome: {chromedriverVersion: 87.0.4280.88 (89e2380a3e36c..., userDataDir: C:\Users\ADMINI~1\AppData\L...}, goog:chromeOptions: {debuggerAddress: localhost:58557}, javascriptEnabled: true, networkConnectionEnabled: false, pageLoadStrategy: normal, platform: WINDOWS, platformName: WINDOWS, proxy: Proxy(), setWindowRect: true, strictFileInteractability: false, timeouts: {implicit: 0, pageLoad: 300000, script: 30000}, unhandledPromptBehavior: dismiss and notify, webauthn:virtualAuthenticators: true}
Session ID: 6d49de2e94fa41a1c6e4fe13801cd8da
at org.openqa.selenium.remote.http.W3CHttpResponseCodec.createException(W3CHttpResponseCodec.java:187)
at org.openqa.selenium.remote.http.W3CHttpResponseCodec.decode(W3CHttpResponseCodec.java:122)
at org.openqa.selenium.remote.http.W3CHttpResponseCodec.decode(W3CHttpResponseCodec.java:49)
at org.openqa.selenium.remote.HttpCommandExecutor.execute(HttpCommandExecutor.java:158)
at org.openqa.selenium.remote.service.DriverCommandExecutor.execute(DriverCommandExecutor.java:83)
at org.openqa.selenium.remote.RemoteWebDriver.execute(RemoteWebDriver.java:552)
at org.openqa.selenium.remote.RemoteWebElement.execute(RemoteWebElement.java:285)
at org.openqa.selenium.remote.RemoteWebElement.click(RemoteWebElement.java:84)
at com.webtest.core.WebDriverEngine.click(Unknown Source)
at com.webtest.demo.FrontTestDemo.testC2(Unknown Source)
at java.util.ArrayList.forEach(ArrayList.java:1259)
... Removed 30 stack frames]]>
    </failure>
  </testcase> <!-- testC2 -->
  <testcase name="testC3" time="25.498" classname="com.webtest.demo.FrontTestDemo">
    <failure type="java.lang.IllegalArgumentException" message="Must provide a location for a move action.">
      <![CDATA[java.lang.IllegalArgumentException: Must provide a location for a move action.
at org.openqa.selenium.interactions.MoveMouseAction.<init>(MoveMouseAction.java:37)
at org.openqa.selenium.interactions.Actions.moveToElement(Actions.java:386)
at com.webtest.core.WebDriverEngine.mouseToElement(Unknown Source)
at com.webtest.demo.FrontTestDemo.testC3(Unknown Source)
at java.util.ArrayList.forEach(ArrayList.java:1259)
... Removed 26 stack frames]]>
    </failure>
  </testcase> <!-- testC3 -->
  <testcase name="test31" time="22.356" classname="com.webtest.hejia.ExcelFrontTest"/>
  <testcase name="test32" time="13.262" classname="com.webtest.hejia.ExcelFrontTest"/>
  <testcase name="test33" time="13.283" classname="com.webtest.hejia.ExcelFrontTest"/>
  <testcase name="test34" time="13.274" classname="com.webtest.hejia.ExcelFrontTest"/>
  <testcase name="test35" time="24.196" classname="com.webtest.hejia.ExcelFrontTest">
    <failure type="org.openqa.selenium.ElementClickInterceptedException" message="element click intercepted: Element &amp;lt;a href=&amp;quot;javascript:void(0);&amp;quot; onclick=&amp;quot;showlogin(&amp;apos;1&amp;apos;);&amp;quot; class=&amp;quot;crop-add-yb&amp;quot;&amp;gt;...&amp;lt;/a&amp;gt; is not clickable at point (1053, 689). Other element would receive the click: &amp;lt;div class=&amp;quot;layui-layer-shade&amp;quot; id=&amp;quot;layui-layer-shade2&amp;quot; times=&amp;quot;2&amp;quot; style=&amp;quot;z-index: 19891015; background-color: rgb(57, 61, 73); opacity: 0.8;&amp;quot;&amp;gt;&amp;lt;/div&amp;gt;
  (Session info: chrome=87.0.4280.88)
Build info: version: &amp;apos;3.141.59&amp;apos;, revision: &amp;apos;e82be7d358&amp;apos;, time: &amp;apos;2018-11-14T08:25:53&amp;apos;
System info: host: &amp;apos;10_0_4_6&amp;apos;, ip: &amp;apos;10.0.4.6&amp;apos;, os.name: &amp;apos;Windows Server 2012 R2&amp;apos;, os.arch: &amp;apos;amd64&amp;apos;, os.version: &amp;apos;6.3&amp;apos;, java.version: &amp;apos;1.8.0_271&amp;apos;
Driver info: org.openqa.selenium.chrome.ChromeDriver
Capabilities {acceptInsecureCerts: false, browserName: chrome, browserVersion: 87.0.4280.88, chrome: {chromedriverVersion: 87.0.4280.88 (89e2380a3e36c..., userDataDir: C:\Users\ADMINI~1\AppData\L...}, goog:chromeOptions: {debuggerAddress: localhost:59206}, javascriptEnabled: true, networkConnectionEnabled: false, pageLoadStrategy: normal, platform: WINDOWS, platformName: WINDOWS, proxy: Proxy(), setWindowRect: true, strictFileInteractability: false, timeouts: {implicit: 0, pageLoad: 300000, script: 30000}, unhandledPromptBehavior: dismiss and notify, webauthn:virtualAuthenticators: true}
Session ID: 4250af0b82eab04184f1da31077d49bd">
      <![CDATA[org.openqa.selenium.ElementClickInterceptedException: element click intercepted: Element <a href="javascript:void(0);" onclick="showlogin('1');" class="crop-add-yb">...</a> is not clickable at point (1053, 689). Other element would receive the click: <div class="layui-layer-shade" id="layui-layer-shade2" times="2" style="z-index: 19891015; background-color: rgb(57, 61, 73); opacity: 0.8;"></div>
  (Session info: chrome=87.0.4280.88)
Build info: version: '3.141.59', revision: 'e82be7d358', time: '2018-11-14T08:25:53'
System info: host: '10_0_4_6', ip: '10.0.4.6', os.name: 'Windows Server 2012 R2', os.arch: 'amd64', os.version: '6.3', java.version: '1.8.0_271'
Driver info: org.openqa.selenium.chrome.ChromeDriver
Capabilities {acceptInsecureCerts: false, browserName: chrome, browserVersion: 87.0.4280.88, chrome: {chromedriverVersion: 87.0.4280.88 (89e2380a3e36c..., userDataDir: C:\Users\ADMINI~1\AppData\L...}, goog:chromeOptions: {debuggerAddress: localhost:59206}, javascriptEnabled: true, networkConnectionEnabled: false, pageLoadStrategy: normal, platform: WINDOWS, platformName: WINDOWS, proxy: Proxy(), setWindowRect: true, strictFileInteractability: false, timeouts: {implicit: 0, pageLoad: 300000, script: 30000}, unhandledPromptBehavior: dismiss and notify, webauthn:virtualAuthenticators: true}
Session ID: 4250af0b82eab04184f1da31077d49bd
at org.openqa.selenium.remote.http.W3CHttpResponseCodec.createException(W3CHttpResponseCodec.java:187)
at org.openqa.selenium.remote.http.W3CHttpResponseCodec.decode(W3CHttpResponseCodec.java:122)
at org.openqa.selenium.remote.http.W3CHttpResponseCodec.decode(W3CHttpResponseCodec.java:49)
at org.openqa.selenium.remote.HttpCommandExecutor.execute(HttpCommandExecutor.java:158)
at org.openqa.selenium.remote.service.DriverCommandExecutor.execute(DriverCommandExecutor.java:83)
at org.openqa.selenium.remote.RemoteWebDriver.execute(RemoteWebDriver.java:552)
at org.openqa.selenium.remote.RemoteWebElement.execute(RemoteWebElement.java:285)
at org.openqa.selenium.remote.RemoteWebElement.click(RemoteWebElement.java:84)
at com.webtest.core.WebDriverEngine.click(Unknown Source)
at com.webtest.hejia.ExcelFrontTest.test35(Unknown Source)
at java.util.ArrayList.forEach(ArrayList.java:1259)
... Removed 30 stack frames]]>
    </failure>
  </testcase> <!-- test35 -->
  <testcase name="test36" time="1.078" classname="com.webtest.hejia.ExcelFrontTest">
    <failure type="org.openqa.selenium.ElementClickInterceptedException" message="element click intercepted: Element &amp;lt;a href=&amp;quot;http://localhost/company/index.php?keyword=hj&amp;amp;amp;pr=21&amp;amp;amp;keyword=hj&amp;amp;amp;page=1&amp;quot; class=&amp;quot;fiem_seach_chlose_list_a fiem_seach_chlose_list_cur&amp;quot;&amp;gt;...&amp;lt;/a&amp;gt; is not clickable at point (423, 367). Other element would receive the click: &amp;lt;div class=&amp;quot;layui-layer-shade&amp;quot; id=&amp;quot;layui-layer-shade2&amp;quot; times=&amp;quot;2&amp;quot; style=&amp;quot;z-index: 19891015; background-color: rgb(57, 61, 73); opacity: 0.8;&amp;quot;&amp;gt;&amp;lt;/div&amp;gt;
  (Session info: chrome=87.0.4280.88)
Build info: version: &amp;apos;3.141.59&amp;apos;, revision: &amp;apos;e82be7d358&amp;apos;, time: &amp;apos;2018-11-14T08:25:53&amp;apos;
System info: host: &amp;apos;10_0_4_6&amp;apos;, ip: &amp;apos;10.0.4.6&amp;apos;, os.name: &amp;apos;Windows Server 2012 R2&amp;apos;, os.arch: &amp;apos;amd64&amp;apos;, os.version: &amp;apos;6.3&amp;apos;, java.version: &amp;apos;1.8.0_271&amp;apos;
Driver info: org.openqa.selenium.chrome.ChromeDriver
Capabilities {acceptInsecureCerts: false, browserName: chrome, browserVersion: 87.0.4280.88, chrome: {chromedriverVersion: 87.0.4280.88 (89e2380a3e36c..., userDataDir: C:\Users\ADMINI~1\AppData\L...}, goog:chromeOptions: {debuggerAddress: localhost:59206}, javascriptEnabled: true, networkConnectionEnabled: false, pageLoadStrategy: normal, platform: WINDOWS, platformName: WINDOWS, proxy: Proxy(), setWindowRect: true, strictFileInteractability: false, timeouts: {implicit: 0, pageLoad: 300000, script: 30000}, unhandledPromptBehavior: dismiss and notify, webauthn:virtualAuthenticators: true}
Session ID: 4250af0b82eab04184f1da31077d49bd">
      <![CDATA[org.openqa.selenium.ElementClickInterceptedException: element click intercepted: Element <a href="http://localhost/company/index.php?keyword=hj&amp;pr=21&amp;keyword=hj&amp;page=1" class="fiem_seach_chlose_list_a fiem_seach_chlose_list_cur">...</a> is not clickable at point (423, 367). Other element would receive the click: <div class="layui-layer-shade" id="layui-layer-shade2" times="2" style="z-index: 19891015; background-color: rgb(57, 61, 73); opacity: 0.8;"></div>
  (Session info: chrome=87.0.4280.88)
Build info: version: '3.141.59', revision: 'e82be7d358', time: '2018-11-14T08:25:53'
System info: host: '10_0_4_6', ip: '10.0.4.6', os.name: 'Windows Server 2012 R2', os.arch: 'amd64', os.version: '6.3', java.version: '1.8.0_271'
Driver info: org.openqa.selenium.chrome.ChromeDriver
Capabilities {acceptInsecureCerts: false, browserName: chrome, browserVersion: 87.0.4280.88, chrome: {chromedriverVersion: 87.0.4280.88 (89e2380a3e36c..., userDataDir: C:\Users\ADMINI~1\AppData\L...}, goog:chromeOptions: {debuggerAddress: localhost:59206}, javascriptEnabled: true, networkConnectionEnabled: false, pageLoadStrategy: normal, platform: WINDOWS, platformName: WINDOWS, proxy: Proxy(), setWindowRect: true, strictFileInteractability: false, timeouts: {implicit: 0, pageLoad: 300000, script: 30000}, unhandledPromptBehavior: dismiss and notify, webauthn:virtualAuthenticators: true}
Session ID: 4250af0b82eab04184f1da31077d49bd
at org.openqa.selenium.remote.http.W3CHttpResponseCodec.createException(W3CHttpResponseCodec.java:187)
at org.openqa.selenium.remote.http.W3CHttpResponseCodec.decode(W3CHttpResponseCodec.java:122)
at org.openqa.selenium.remote.http.W3CHttpResponseCodec.decode(W3CHttpResponseCodec.java:49)
at org.openqa.selenium.remote.HttpCommandExecutor.execute(HttpCommandExecutor.java:158)
at org.openqa.selenium.remote.service.DriverCommandExecutor.execute(DriverCommandExecutor.java:83)
at org.openqa.selenium.remote.RemoteWebDriver.execute(RemoteWebDriver.java:552)
at org.openqa.selenium.remote.RemoteWebElement.execute(RemoteWebElement.java:285)
at org.openqa.selenium.remote.RemoteWebElement.click(RemoteWebElement.java:84)
at com.webtest.core.WebDriverEngine.click(Unknown Source)
at com.webtest.hejia.ExcelFrontTest.test36(Unknown Source)
at java.util.ArrayList.forEach(ArrayList.java:1259)
... Removed 30 stack frames]]>
    </failure>
  </testcase> <!-- test36 -->
  <testcase name="test37" time="1.076" classname="com.webtest.hejia.ExcelFrontTest">
    <failure type="org.openqa.selenium.ElementClickInterceptedException" message="element click intercepted: Element &amp;lt;a class=&amp;quot;yun_navMore&amp;quot; href=&amp;quot;javascript:;&amp;quot;&amp;gt;...&amp;lt;/a&amp;gt; is not clickable at point (1314, 16). Other element would receive the click: &amp;lt;div class=&amp;quot;layui-layer-shade&amp;quot; id=&amp;quot;layui-layer-shade2&amp;quot; times=&amp;quot;2&amp;quot; style=&amp;quot;z-index: 19891015; background-color: rgb(57, 61, 73); opacity: 0.8;&amp;quot;&amp;gt;&amp;lt;/div&amp;gt;
  (Session info: chrome=87.0.4280.88)
Build info: version: &amp;apos;3.141.59&amp;apos;, revision: &amp;apos;e82be7d358&amp;apos;, time: &amp;apos;2018-11-14T08:25:53&amp;apos;
System info: host: &amp;apos;10_0_4_6&amp;apos;, ip: &amp;apos;10.0.4.6&amp;apos;, os.name: &amp;apos;Windows Server 2012 R2&amp;apos;, os.arch: &amp;apos;amd64&amp;apos;, os.version: &amp;apos;6.3&amp;apos;, java.version: &amp;apos;1.8.0_271&amp;apos;
Driver info: org.openqa.selenium.chrome.ChromeDriver
Capabilities {acceptInsecureCerts: false, browserName: chrome, browserVersion: 87.0.4280.88, chrome: {chromedriverVersion: 87.0.4280.88 (89e2380a3e36c..., userDataDir: C:\Users\ADMINI~1\AppData\L...}, goog:chromeOptions: {debuggerAddress: localhost:59206}, javascriptEnabled: true, networkConnectionEnabled: false, pageLoadStrategy: normal, platform: WINDOWS, platformName: WINDOWS, proxy: Proxy(), setWindowRect: true, strictFileInteractability: false, timeouts: {implicit: 0, pageLoad: 300000, script: 30000}, unhandledPromptBehavior: dismiss and notify, webauthn:virtualAuthenticators: true}
Session ID: 4250af0b82eab04184f1da31077d49bd">
      <![CDATA[org.openqa.selenium.ElementClickInterceptedException: element click intercepted: Element <a class="yun_navMore" href="javascript:;">...</a> is not clickable at point (1314, 16). Other element would receive the click: <div class="layui-layer-shade" id="layui-layer-shade2" times="2" style="z-index: 19891015; background-color: rgb(57, 61, 73); opacity: 0.8;"></div>
  (Session info: chrome=87.0.4280.88)
Build info: version: '3.141.59', revision: 'e82be7d358', time: '2018-11-14T08:25:53'
System info: host: '10_0_4_6', ip: '10.0.4.6', os.name: 'Windows Server 2012 R2', os.arch: 'amd64', os.version: '6.3', java.version: '1.8.0_271'
Driver info: org.openqa.selenium.chrome.ChromeDriver
Capabilities {acceptInsecureCerts: false, browserName: chrome, browserVersion: 87.0.4280.88, chrome: {chromedriverVersion: 87.0.4280.88 (89e2380a3e36c..., userDataDir: C:\Users\ADMINI~1\AppData\L...}, goog:chromeOptions: {debuggerAddress: localhost:59206}, javascriptEnabled: true, networkConnectionEnabled: false, pageLoadStrategy: normal, platform: WINDOWS, platformName: WINDOWS, proxy: Proxy(), setWindowRect: true, strictFileInteractability: false, timeouts: {implicit: 0, pageLoad: 300000, script: 30000}, unhandledPromptBehavior: dismiss and notify, webauthn:virtualAuthenticators: true}
Session ID: 4250af0b82eab04184f1da31077d49bd
at org.openqa.selenium.remote.http.W3CHttpResponseCodec.createException(W3CHttpResponseCodec.java:187)
at org.openqa.selenium.remote.http.W3CHttpResponseCodec.decode(W3CHttpResponseCodec.java:122)
at org.openqa.selenium.remote.http.W3CHttpResponseCodec.decode(W3CHttpResponseCodec.java:49)
at org.openqa.selenium.remote.HttpCommandExecutor.execute(HttpCommandExecutor.java:158)
at org.openqa.selenium.remote.service.DriverCommandExecutor.execute(DriverCommandExecutor.java:83)
at org.openqa.selenium.remote.RemoteWebDriver.execute(RemoteWebDriver.java:552)
at org.openqa.selenium.remote.RemoteWebElement.execute(RemoteWebElement.java:285)
at org.openqa.selenium.remote.RemoteWebElement.click(RemoteWebElement.java:84)
at com.webtest.core.WebDriverEngine.click(Unknown Source)
at com.webtest.hejia.ExcelFrontTest.test37(Unknown Source)
at java.util.ArrayList.forEach(ArrayList.java:1259)
... Removed 30 stack frames]]>
    </failure>
  </testcase> <!-- test37 -->
  <testcase name="test38" time="1.061" classname="com.webtest.hejia.ExcelFrontTest">
    <failure type="org.openqa.selenium.ElementClickInterceptedException" message="element click intercepted: Element &amp;lt;a class=&amp;quot;yun_navMore&amp;quot; href=&amp;quot;javascript:;&amp;quot;&amp;gt;...&amp;lt;/a&amp;gt; is not clickable at point (1314, 16). Other element would receive the click: &amp;lt;div class=&amp;quot;layui-layer-shade&amp;quot; id=&amp;quot;layui-layer-shade2&amp;quot; times=&amp;quot;2&amp;quot; style=&amp;quot;z-index: 19891015; background-color: rgb(57, 61, 73); opacity: 0.8;&amp;quot;&amp;gt;&amp;lt;/div&amp;gt;
  (Session info: chrome=87.0.4280.88)
Build info: version: &amp;apos;3.141.59&amp;apos;, revision: &amp;apos;e82be7d358&amp;apos;, time: &amp;apos;2018-11-14T08:25:53&amp;apos;
System info: host: &amp;apos;10_0_4_6&amp;apos;, ip: &amp;apos;10.0.4.6&amp;apos;, os.name: &amp;apos;Windows Server 2012 R2&amp;apos;, os.arch: &amp;apos;amd64&amp;apos;, os.version: &amp;apos;6.3&amp;apos;, java.version: &amp;apos;1.8.0_271&amp;apos;
Driver info: org.openqa.selenium.chrome.ChromeDriver
Capabilities {acceptInsecureCerts: false, browserName: chrome, browserVersion: 87.0.4280.88, chrome: {chromedriverVersion: 87.0.4280.88 (89e2380a3e36c..., userDataDir: C:\Users\ADMINI~1\AppData\L...}, goog:chromeOptions: {debuggerAddress: localhost:59206}, javascriptEnabled: true, networkConnectionEnabled: false, pageLoadStrategy: normal, platform: WINDOWS, platformName: WINDOWS, proxy: Proxy(), setWindowRect: true, strictFileInteractability: false, timeouts: {implicit: 0, pageLoad: 300000, script: 30000}, unhandledPromptBehavior: dismiss and notify, webauthn:virtualAuthenticators: true}
Session ID: 4250af0b82eab04184f1da31077d49bd">
      <![CDATA[org.openqa.selenium.ElementClickInterceptedException: element click intercepted: Element <a class="yun_navMore" href="javascript:;">...</a> is not clickable at point (1314, 16). Other element would receive the click: <div class="layui-layer-shade" id="layui-layer-shade2" times="2" style="z-index: 19891015; background-color: rgb(57, 61, 73); opacity: 0.8;"></div>
  (Session info: chrome=87.0.4280.88)
Build info: version: '3.141.59', revision: 'e82be7d358', time: '2018-11-14T08:25:53'
System info: host: '10_0_4_6', ip: '10.0.4.6', os.name: 'Windows Server 2012 R2', os.arch: 'amd64', os.version: '6.3', java.version: '1.8.0_271'
Driver info: org.openqa.selenium.chrome.ChromeDriver
Capabilities {acceptInsecureCerts: false, browserName: chrome, browserVersion: 87.0.4280.88, chrome: {chromedriverVersion: 87.0.4280.88 (89e2380a3e36c..., userDataDir: C:\Users\ADMINI~1\AppData\L...}, goog:chromeOptions: {debuggerAddress: localhost:59206}, javascriptEnabled: true, networkConnectionEnabled: false, pageLoadStrategy: normal, platform: WINDOWS, platformName: WINDOWS, proxy: Proxy(), setWindowRect: true, strictFileInteractability: false, timeouts: {implicit: 0, pageLoad: 300000, script: 30000}, unhandledPromptBehavior: dismiss and notify, webauthn:virtualAuthenticators: true}
Session ID: 4250af0b82eab04184f1da31077d49bd
at org.openqa.selenium.remote.http.W3CHttpResponseCodec.createException(W3CHttpResponseCodec.java:187)
at org.openqa.selenium.remote.http.W3CHttpResponseCodec.decode(W3CHttpResponseCodec.java:122)
at org.openqa.selenium.remote.http.W3CHttpResponseCodec.decode(W3CHttpResponseCodec.java:49)
at org.openqa.selenium.remote.HttpCommandExecutor.execute(HttpCommandExecutor.java:158)
at org.openqa.selenium.remote.service.DriverCommandExecutor.execute(DriverCommandExecutor.java:83)
at org.openqa.selenium.remote.RemoteWebDriver.execute(RemoteWebDriver.java:552)
at org.openqa.selenium.remote.RemoteWebElement.execute(RemoteWebElement.java:285)
at org.openqa.selenium.remote.RemoteWebElement.click(RemoteWebElement.java:84)
at com.webtest.core.WebDriverEngine.click(Unknown Source)
at com.webtest.hejia.ExcelFrontTest.test38(Unknown Source)
at java.util.ArrayList.forEach(ArrayList.java:1259)
... Removed 30 stack frames]]>
    </failure>
  </testcase> <!-- test38 -->
  <testcase name="test39" time="1.072" classname="com.webtest.hejia.ExcelFrontTest">
    <failure type="org.openqa.selenium.ElementClickInterceptedException" message="element click intercepted: Element &amp;lt;a href=&amp;quot;http://localhost/company/index.php?city=2&amp;amp;amp;keyword=hj&amp;amp;amp;city=2&amp;amp;amp;pr=21&amp;amp;amp;keyword=hj&amp;amp;amp;page=1&amp;quot; class=&amp;quot;city_name  &amp;quot;&amp;gt;...&amp;lt;/a&amp;gt; is not clickable at point (323, 286). Other element would receive the click: &amp;lt;div class=&amp;quot;layui-layer-shade&amp;quot; id=&amp;quot;layui-layer-shade2&amp;quot; times=&amp;quot;2&amp;quot; style=&amp;quot;z-index: 19891015; background-color: rgb(57, 61, 73); opacity: 0.8;&amp;quot;&amp;gt;&amp;lt;/div&amp;gt;
  (Session info: chrome=87.0.4280.88)
Build info: version: &amp;apos;3.141.59&amp;apos;, revision: &amp;apos;e82be7d358&amp;apos;, time: &amp;apos;2018-11-14T08:25:53&amp;apos;
System info: host: &amp;apos;10_0_4_6&amp;apos;, ip: &amp;apos;10.0.4.6&amp;apos;, os.name: &amp;apos;Windows Server 2012 R2&amp;apos;, os.arch: &amp;apos;amd64&amp;apos;, os.version: &amp;apos;6.3&amp;apos;, java.version: &amp;apos;1.8.0_271&amp;apos;
Driver info: org.openqa.selenium.chrome.ChromeDriver
Capabilities {acceptInsecureCerts: false, browserName: chrome, browserVersion: 87.0.4280.88, chrome: {chromedriverVersion: 87.0.4280.88 (89e2380a3e36c..., userDataDir: C:\Users\ADMINI~1\AppData\L...}, goog:chromeOptions: {debuggerAddress: localhost:59206}, javascriptEnabled: true, networkConnectionEnabled: false, pageLoadStrategy: normal, platform: WINDOWS, platformName: WINDOWS, proxy: Proxy(), setWindowRect: true, strictFileInteractability: false, timeouts: {implicit: 0, pageLoad: 300000, script: 30000}, unhandledPromptBehavior: dismiss and notify, webauthn:virtualAuthenticators: true}
Session ID: 4250af0b82eab04184f1da31077d49bd">
      <![CDATA[org.openqa.selenium.ElementClickInterceptedException: element click intercepted: Element <a href="http://localhost/company/index.php?city=2&amp;keyword=hj&amp;city=2&amp;pr=21&amp;keyword=hj&amp;page=1" class="city_name  ">...</a> is not clickable at point (323, 286). Other element would receive the click: <div class="layui-layer-shade" id="layui-layer-shade2" times="2" style="z-index: 19891015; background-color: rgb(57, 61, 73); opacity: 0.8;"></div>
  (Session info: chrome=87.0.4280.88)
Build info: version: '3.141.59', revision: 'e82be7d358', time: '2018-11-14T08:25:53'
System info: host: '10_0_4_6', ip: '10.0.4.6', os.name: 'Windows Server 2012 R2', os.arch: 'amd64', os.version: '6.3', java.version: '1.8.0_271'
Driver info: org.openqa.selenium.chrome.ChromeDriver
Capabilities {acceptInsecureCerts: false, browserName: chrome, browserVersion: 87.0.4280.88, chrome: {chromedriverVersion: 87.0.4280.88 (89e2380a3e36c..., userDataDir: C:\Users\ADMINI~1\AppData\L...}, goog:chromeOptions: {debuggerAddress: localhost:59206}, javascriptEnabled: true, networkConnectionEnabled: false, pageLoadStrategy: normal, platform: WINDOWS, platformName: WINDOWS, proxy: Proxy(), setWindowRect: true, strictFileInteractability: false, timeouts: {implicit: 0, pageLoad: 300000, script: 30000}, unhandledPromptBehavior: dismiss and notify, webauthn:virtualAuthenticators: true}
Session ID: 4250af0b82eab04184f1da31077d49bd
at org.openqa.selenium.remote.http.W3CHttpResponseCodec.createException(W3CHttpResponseCodec.java:187)
at org.openqa.selenium.remote.http.W3CHttpResponseCodec.decode(W3CHttpResponseCodec.java:122)
at org.openqa.selenium.remote.http.W3CHttpResponseCodec.decode(W3CHttpResponseCodec.java:49)
at org.openqa.selenium.remote.HttpCommandExecutor.execute(HttpCommandExecutor.java:158)
at org.openqa.selenium.remote.service.DriverCommandExecutor.execute(DriverCommandExecutor.java:83)
at org.openqa.selenium.remote.RemoteWebDriver.execute(RemoteWebDriver.java:552)
at org.openqa.selenium.remote.RemoteWebElement.execute(RemoteWebElement.java:285)
at org.openqa.selenium.remote.RemoteWebElement.click(RemoteWebElement.java:84)
at com.webtest.core.WebDriverEngine.click(Unknown Source)
at com.webtest.hejia.ExcelFrontTest.test39(Unknown Source)
at java.util.ArrayList.forEach(ArrayList.java:1259)
... Removed 30 stack frames]]>
    </failure>
  </testcase> <!-- test39 -->
  <testcase name="test40" time="10.028" classname="com.webtest.hejia.ExcelFrontTest">
    <failure type="java.lang.AssertionError" message="did not expect to find [true] but found [false]">
      <![CDATA[java.lang.AssertionError: did not expect to find [true] but found [false]
at com.webtest.hejia.ExcelFrontTest.test40(Unknown Source)
at java.util.ArrayList.forEach(ArrayList.java:1259)
... Removed 30 stack frames]]>
    </failure>
  </testcase> <!-- test40 -->
  <testcase name="test41" time="11.078" classname="com.webtest.hejia.ExcelFrontTest">
    <failure type="org.openqa.selenium.ElementClickInterceptedException" message="element click intercepted: Element &amp;lt;input type=&amp;quot;text&amp;quot; id=&amp;quot;username&amp;quot; placeholder=&amp;quot;手机/会员名/邮箱&amp;quot; name=&amp;quot;username&amp;quot; class=&amp;quot;login_pop_up_box_t&amp;quot; autocomplete=&amp;quot;off&amp;quot;&amp;gt; is not clickable at point (764, 292). Other element would receive the click: &amp;lt;div class=&amp;quot;layui-layer-shade&amp;quot; id=&amp;quot;layui-layer-shade2&amp;quot; times=&amp;quot;2&amp;quot; style=&amp;quot;z-index: 19891015; background-color: rgb(57, 61, 73); opacity: 0.8;&amp;quot;&amp;gt;&amp;lt;/div&amp;gt;
  (Session info: chrome=87.0.4280.88)
Build info: version: &amp;apos;3.141.59&amp;apos;, revision: &amp;apos;e82be7d358&amp;apos;, time: &amp;apos;2018-11-14T08:25:53&amp;apos;
System info: host: &amp;apos;10_0_4_6&amp;apos;, ip: &amp;apos;10.0.4.6&amp;apos;, os.name: &amp;apos;Windows Server 2012 R2&amp;apos;, os.arch: &amp;apos;amd64&amp;apos;, os.version: &amp;apos;6.3&amp;apos;, java.version: &amp;apos;1.8.0_271&amp;apos;
Driver info: org.openqa.selenium.chrome.ChromeDriver
Capabilities {acceptInsecureCerts: false, browserName: chrome, browserVersion: 87.0.4280.88, chrome: {chromedriverVersion: 87.0.4280.88 (89e2380a3e36c..., userDataDir: C:\Users\ADMINI~1\AppData\L...}, goog:chromeOptions: {debuggerAddress: localhost:59206}, javascriptEnabled: true, networkConnectionEnabled: false, pageLoadStrategy: normal, platform: WINDOWS, platformName: WINDOWS, proxy: Proxy(), setWindowRect: true, strictFileInteractability: false, timeouts: {implicit: 0, pageLoad: 300000, script: 30000}, unhandledPromptBehavior: dismiss and notify, webauthn:virtualAuthenticators: true}
Session ID: 4250af0b82eab04184f1da31077d49bd">
      <![CDATA[org.openqa.selenium.ElementClickInterceptedException: element click intercepted: Element <input type="text" id="username" placeholder="手机/会员名/邮箱" name="username" class="login_pop_up_box_t" autocomplete="off"> is not clickable at point (764, 292). Other element would receive the click: <div class="layui-layer-shade" id="layui-layer-shade2" times="2" style="z-index: 19891015; background-color: rgb(57, 61, 73); opacity: 0.8;"></div>
  (Session info: chrome=87.0.4280.88)
Build info: version: '3.141.59', revision: 'e82be7d358', time: '2018-11-14T08:25:53'
System info: host: '10_0_4_6', ip: '10.0.4.6', os.name: 'Windows Server 2012 R2', os.arch: 'amd64', os.version: '6.3', java.version: '1.8.0_271'
Driver info: org.openqa.selenium.chrome.ChromeDriver
Capabilities {acceptInsecureCerts: false, browserName: chrome, browserVersion: 87.0.4280.88, chrome: {chromedriverVersion: 87.0.4280.88 (89e2380a3e36c..., userDataDir: C:\Users\ADMINI~1\AppData\L...}, goog:chromeOptions: {debuggerAddress: localhost:59206}, javascriptEnabled: true, networkConnectionEnabled: false, pageLoadStrategy: normal, platform: WINDOWS, platformName: WINDOWS, proxy: Proxy(), setWindowRect: true, strictFileInteractability: false, timeouts: {implicit: 0, pageLoad: 300000, script: 30000}, unhandledPromptBehavior: dismiss and notify, webauthn:virtualAuthenticators: true}
Session ID: 4250af0b82eab04184f1da31077d49bd
at org.openqa.selenium.remote.http.W3CHttpResponseCodec.createException(W3CHttpResponseCodec.java:187)
at org.openqa.selenium.remote.http.W3CHttpResponseCodec.decode(W3CHttpResponseCodec.java:122)
at org.openqa.selenium.remote.http.W3CHttpResponseCodec.decode(W3CHttpResponseCodec.java:49)
at org.openqa.selenium.remote.HttpCommandExecutor.execute(HttpCommandExecutor.java:158)
at org.openqa.selenium.remote.service.DriverCommandExecutor.execute(DriverCommandExecutor.java:83)
at org.openqa.selenium.remote.RemoteWebDriver.execute(RemoteWebDriver.java:552)
at org.openqa.selenium.remote.RemoteWebElement.execute(RemoteWebElement.java:285)
at org.openqa.selenium.remote.RemoteWebElement.click(RemoteWebElement.java:84)
at com.webtest.core.WebDriverEngine.click(Unknown Source)
at com.webtest.hejia.ExcelFrontTest.test41(Unknown Source)
at java.util.ArrayList.forEach(ArrayList.java:1259)
... Removed 30 stack frames]]>
    </failure>
  </testcase> <!-- test41 -->
  <testcase name="test42" time="1.058" classname="com.webtest.hejia.ExcelFrontTest">
    <failure type="org.openqa.selenium.ElementClickInterceptedException" message="element click intercepted: Element &amp;lt;a class=&amp;quot;yun_navMore&amp;quot; href=&amp;quot;javascript:;&amp;quot;&amp;gt;...&amp;lt;/a&amp;gt; is not clickable at point (1314, 16). Other element would receive the click: &amp;lt;div class=&amp;quot;layui-layer-shade&amp;quot; id=&amp;quot;layui-layer-shade2&amp;quot; times=&amp;quot;2&amp;quot; style=&amp;quot;z-index: 19891015; background-color: rgb(57, 61, 73); opacity: 0.8;&amp;quot;&amp;gt;&amp;lt;/div&amp;gt;
  (Session info: chrome=87.0.4280.88)
Build info: version: &amp;apos;3.141.59&amp;apos;, revision: &amp;apos;e82be7d358&amp;apos;, time: &amp;apos;2018-11-14T08:25:53&amp;apos;
System info: host: &amp;apos;10_0_4_6&amp;apos;, ip: &amp;apos;10.0.4.6&amp;apos;, os.name: &amp;apos;Windows Server 2012 R2&amp;apos;, os.arch: &amp;apos;amd64&amp;apos;, os.version: &amp;apos;6.3&amp;apos;, java.version: &amp;apos;1.8.0_271&amp;apos;
Driver info: org.openqa.selenium.chrome.ChromeDriver
Capabilities {acceptInsecureCerts: false, browserName: chrome, browserVersion: 87.0.4280.88, chrome: {chromedriverVersion: 87.0.4280.88 (89e2380a3e36c..., userDataDir: C:\Users\ADMINI~1\AppData\L...}, goog:chromeOptions: {debuggerAddress: localhost:59206}, javascriptEnabled: true, networkConnectionEnabled: false, pageLoadStrategy: normal, platform: WINDOWS, platformName: WINDOWS, proxy: Proxy(), setWindowRect: true, strictFileInteractability: false, timeouts: {implicit: 0, pageLoad: 300000, script: 30000}, unhandledPromptBehavior: dismiss and notify, webauthn:virtualAuthenticators: true}
Session ID: 4250af0b82eab04184f1da31077d49bd">
      <![CDATA[org.openqa.selenium.ElementClickInterceptedException: element click intercepted: Element <a class="yun_navMore" href="javascript:;">...</a> is not clickable at point (1314, 16). Other element would receive the click: <div class="layui-layer-shade" id="layui-layer-shade2" times="2" style="z-index: 19891015; background-color: rgb(57, 61, 73); opacity: 0.8;"></div>
  (Session info: chrome=87.0.4280.88)
Build info: version: '3.141.59', revision: 'e82be7d358', time: '2018-11-14T08:25:53'
System info: host: '10_0_4_6', ip: '10.0.4.6', os.name: 'Windows Server 2012 R2', os.arch: 'amd64', os.version: '6.3', java.version: '1.8.0_271'
Driver info: org.openqa.selenium.chrome.ChromeDriver
Capabilities {acceptInsecureCerts: false, browserName: chrome, browserVersion: 87.0.4280.88, chrome: {chromedriverVersion: 87.0.4280.88 (89e2380a3e36c..., userDataDir: C:\Users\ADMINI~1\AppData\L...}, goog:chromeOptions: {debuggerAddress: localhost:59206}, javascriptEnabled: true, networkConnectionEnabled: false, pageLoadStrategy: normal, platform: WINDOWS, platformName: WINDOWS, proxy: Proxy(), setWindowRect: true, strictFileInteractability: false, timeouts: {implicit: 0, pageLoad: 300000, script: 30000}, unhandledPromptBehavior: dismiss and notify, webauthn:virtualAuthenticators: true}
Session ID: 4250af0b82eab04184f1da31077d49bd
at org.openqa.selenium.remote.http.W3CHttpResponseCodec.createException(W3CHttpResponseCodec.java:187)
at org.openqa.selenium.remote.http.W3CHttpResponseCodec.decode(W3CHttpResponseCodec.java:122)
at org.openqa.selenium.remote.http.W3CHttpResponseCodec.decode(W3CHttpResponseCodec.java:49)
at org.openqa.selenium.remote.HttpCommandExecutor.execute(HttpCommandExecutor.java:158)
at org.openqa.selenium.remote.service.DriverCommandExecutor.execute(DriverCommandExecutor.java:83)
at org.openqa.selenium.remote.RemoteWebDriver.execute(RemoteWebDriver.java:552)
at org.openqa.selenium.remote.RemoteWebElement.execute(RemoteWebElement.java:285)
at org.openqa.selenium.remote.RemoteWebElement.click(RemoteWebElement.java:84)
at com.webtest.core.WebDriverEngine.click(Unknown Source)
at com.webtest.hejia.ExcelFrontTest.test42(Unknown Source)
at java.util.ArrayList.forEach(ArrayList.java:1259)
... Removed 30 stack frames]]>
    </failure>
  </testcase> <!-- test42 -->
  <testcase name="test43" time="10.032" classname="com.webtest.hejia.ExcelFrontTest"/>
  <testcase name="test44" time="1.098" classname="com.webtest.hejia.ExcelFrontTest">
    <failure type="org.openqa.selenium.ElementClickInterceptedException" message="element click intercepted: Element &amp;lt;input class=&amp;quot;firm_search_text&amp;quot; id=&amp;quot;ipt&amp;quot; type=&amp;quot;text&amp;quot; placeholder=&amp;quot;请输入关键字&amp;quot; value=&amp;quot;hj&amp;quot; name=&amp;quot;keyword&amp;quot; onclick=&amp;quot;if(this.value==&amp;apos;请输入关键字&amp;apos;){this.value=&amp;apos;&amp;apos;}&amp;quot; onblur=&amp;quot;if(this.value==&amp;apos;&amp;apos;){this.value=&amp;apos;请输入关键字&amp;apos;}&amp;quot;&amp;gt; is not clickable at point (722, 184). Other element would receive the click: &amp;lt;div class=&amp;quot;layui-layer-shade&amp;quot; id=&amp;quot;layui-layer-shade2&amp;quot; times=&amp;quot;2&amp;quot; style=&amp;quot;z-index: 19891015; background-color: rgb(57, 61, 73); opacity: 0.8;&amp;quot;&amp;gt;&amp;lt;/div&amp;gt;
  (Session info: chrome=87.0.4280.88)
Build info: version: &amp;apos;3.141.59&amp;apos;, revision: &amp;apos;e82be7d358&amp;apos;, time: &amp;apos;2018-11-14T08:25:53&amp;apos;
System info: host: &amp;apos;10_0_4_6&amp;apos;, ip: &amp;apos;10.0.4.6&amp;apos;, os.name: &amp;apos;Windows Server 2012 R2&amp;apos;, os.arch: &amp;apos;amd64&amp;apos;, os.version: &amp;apos;6.3&amp;apos;, java.version: &amp;apos;1.8.0_271&amp;apos;
Driver info: org.openqa.selenium.chrome.ChromeDriver
Capabilities {acceptInsecureCerts: false, browserName: chrome, browserVersion: 87.0.4280.88, chrome: {chromedriverVersion: 87.0.4280.88 (89e2380a3e36c..., userDataDir: C:\Users\ADMINI~1\AppData\L...}, goog:chromeOptions: {debuggerAddress: localhost:59206}, javascriptEnabled: true, networkConnectionEnabled: false, pageLoadStrategy: normal, platform: WINDOWS, platformName: WINDOWS, proxy: Proxy(), setWindowRect: true, strictFileInteractability: false, timeouts: {implicit: 0, pageLoad: 300000, script: 30000}, unhandledPromptBehavior: dismiss and notify, webauthn:virtualAuthenticators: true}
Session ID: 4250af0b82eab04184f1da31077d49bd">
      <![CDATA[org.openqa.selenium.ElementClickInterceptedException: element click intercepted: Element <input class="firm_search_text" id="ipt" type="text" placeholder="请输入关键字" value="hj" name="keyword" onclick="if(this.value=='请输入关键字'){this.value=''}" onblur="if(this.value==''){this.value='请输入关键字'}"> is not clickable at point (722, 184). Other element would receive the click: <div class="layui-layer-shade" id="layui-layer-shade2" times="2" style="z-index: 19891015; background-color: rgb(57, 61, 73); opacity: 0.8;"></div>
  (Session info: chrome=87.0.4280.88)
Build info: version: '3.141.59', revision: 'e82be7d358', time: '2018-11-14T08:25:53'
System info: host: '10_0_4_6', ip: '10.0.4.6', os.name: 'Windows Server 2012 R2', os.arch: 'amd64', os.version: '6.3', java.version: '1.8.0_271'
Driver info: org.openqa.selenium.chrome.ChromeDriver
Capabilities {acceptInsecureCerts: false, browserName: chrome, browserVersion: 87.0.4280.88, chrome: {chromedriverVersion: 87.0.4280.88 (89e2380a3e36c..., userDataDir: C:\Users\ADMINI~1\AppData\L...}, goog:chromeOptions: {debuggerAddress: localhost:59206}, javascriptEnabled: true, networkConnectionEnabled: false, pageLoadStrategy: normal, platform: WINDOWS, platformName: WINDOWS, proxy: Proxy(), setWindowRect: true, strictFileInteractability: false, timeouts: {implicit: 0, pageLoad: 300000, script: 30000}, unhandledPromptBehavior: dismiss and notify, webauthn:virtualAuthenticators: true}
Session ID: 4250af0b82eab04184f1da31077d49bd
at org.openqa.selenium.remote.http.W3CHttpResponseCodec.createException(W3CHttpResponseCodec.java:187)
at org.openqa.selenium.remote.http.W3CHttpResponseCodec.decode(W3CHttpResponseCodec.java:122)
at org.openqa.selenium.remote.http.W3CHttpResponseCodec.decode(W3CHttpResponseCodec.java:49)
at org.openqa.selenium.remote.HttpCommandExecutor.execute(HttpCommandExecutor.java:158)
at org.openqa.selenium.remote.service.DriverCommandExecutor.execute(DriverCommandExecutor.java:83)
at org.openqa.selenium.remote.RemoteWebDriver.execute(RemoteWebDriver.java:552)
at org.openqa.selenium.remote.RemoteWebElement.execute(RemoteWebElement.java:285)
at org.openqa.selenium.remote.RemoteWebElement.click(RemoteWebElement.java:84)
at com.webtest.core.WebDriverEngine.click(Unknown Source)
at com.webtest.hejia.ExcelFrontTest.test44(Unknown Source)
at java.util.ArrayList.forEach(ArrayList.java:1259)
... Removed 30 stack frames]]>
    </failure>
  </testcase> <!-- test44 -->
  <testcase name="test45" time="1.078" classname="com.webtest.hejia.ExcelFrontTest">
    <failure type="org.openqa.selenium.ElementClickInterceptedException" message="element click intercepted: Element &amp;lt;img src=&amp;quot;https:///data/logo/20170418/14754791367.PNG&amp;quot; alt=&amp;quot;PHPYUN人才招聘系统&amp;quot;&amp;gt; is not clickable at point (238, 82). Other element would receive the click: &amp;lt;div class=&amp;quot;layui-layer-shade&amp;quot; id=&amp;quot;layui-layer-shade2&amp;quot; times=&amp;quot;2&amp;quot; style=&amp;quot;z-index: 19891015; background-color: rgb(57, 61, 73); opacity: 0.8;&amp;quot;&amp;gt;&amp;lt;/div&amp;gt;
  (Session info: chrome=87.0.4280.88)
Build info: version: &amp;apos;3.141.59&amp;apos;, revision: &amp;apos;e82be7d358&amp;apos;, time: &amp;apos;2018-11-14T08:25:53&amp;apos;
System info: host: &amp;apos;10_0_4_6&amp;apos;, ip: &amp;apos;10.0.4.6&amp;apos;, os.name: &amp;apos;Windows Server 2012 R2&amp;apos;, os.arch: &amp;apos;amd64&amp;apos;, os.version: &amp;apos;6.3&amp;apos;, java.version: &amp;apos;1.8.0_271&amp;apos;
Driver info: org.openqa.selenium.chrome.ChromeDriver
Capabilities {acceptInsecureCerts: false, browserName: chrome, browserVersion: 87.0.4280.88, chrome: {chromedriverVersion: 87.0.4280.88 (89e2380a3e36c..., userDataDir: C:\Users\ADMINI~1\AppData\L...}, goog:chromeOptions: {debuggerAddress: localhost:59206}, javascriptEnabled: true, networkConnectionEnabled: false, pageLoadStrategy: normal, platform: WINDOWS, platformName: WINDOWS, proxy: Proxy(), setWindowRect: true, strictFileInteractability: false, timeouts: {implicit: 0, pageLoad: 300000, script: 30000}, unhandledPromptBehavior: dismiss and notify, webauthn:virtualAuthenticators: true}
Session ID: 4250af0b82eab04184f1da31077d49bd">
      <![CDATA[org.openqa.selenium.ElementClickInterceptedException: element click intercepted: Element <img src="https:///data/logo/20170418/14754791367.PNG" alt="PHPYUN人才招聘系统"> is not clickable at point (238, 82). Other element would receive the click: <div class="layui-layer-shade" id="layui-layer-shade2" times="2" style="z-index: 19891015; background-color: rgb(57, 61, 73); opacity: 0.8;"></div>
  (Session info: chrome=87.0.4280.88)
Build info: version: '3.141.59', revision: 'e82be7d358', time: '2018-11-14T08:25:53'
System info: host: '10_0_4_6', ip: '10.0.4.6', os.name: 'Windows Server 2012 R2', os.arch: 'amd64', os.version: '6.3', java.version: '1.8.0_271'
Driver info: org.openqa.selenium.chrome.ChromeDriver
Capabilities {acceptInsecureCerts: false, browserName: chrome, browserVersion: 87.0.4280.88, chrome: {chromedriverVersion: 87.0.4280.88 (89e2380a3e36c..., userDataDir: C:\Users\ADMINI~1\AppData\L...}, goog:chromeOptions: {debuggerAddress: localhost:59206}, javascriptEnabled: true, networkConnectionEnabled: false, pageLoadStrategy: normal, platform: WINDOWS, platformName: WINDOWS, proxy: Proxy(), setWindowRect: true, strictFileInteractability: false, timeouts: {implicit: 0, pageLoad: 300000, script: 30000}, unhandledPromptBehavior: dismiss and notify, webauthn:virtualAuthenticators: true}
Session ID: 4250af0b82eab04184f1da31077d49bd
at org.openqa.selenium.remote.http.W3CHttpResponseCodec.createException(W3CHttpResponseCodec.java:187)
at org.openqa.selenium.remote.http.W3CHttpResponseCodec.decode(W3CHttpResponseCodec.java:122)
at org.openqa.selenium.remote.http.W3CHttpResponseCodec.decode(W3CHttpResponseCodec.java:49)
at org.openqa.selenium.remote.HttpCommandExecutor.execute(HttpCommandExecutor.java:158)
at org.openqa.selenium.remote.service.DriverCommandExecutor.execute(DriverCommandExecutor.java:83)
at org.openqa.selenium.remote.RemoteWebDriver.execute(RemoteWebDriver.java:552)
at org.openqa.selenium.remote.RemoteWebElement.execute(RemoteWebElement.java:285)
at org.openqa.selenium.remote.RemoteWebElement.click(RemoteWebElement.java:84)
at com.webtest.core.WebDriverEngine.click(Unknown Source)
at com.webtest.hejia.ExcelFrontTest.test45(Unknown Source)
at java.util.ArrayList.forEach(ArrayList.java:1259)
... Removed 30 stack frames]]>
    </failure>
  </testcase> <!-- test45 -->
  <testcase name="test46" time="1.029" classname="com.webtest.hejia.ExcelFrontTest">
    <failure type="java.lang.AssertionError" message="did not expect to find [true] but found [false]">
      <![CDATA[java.lang.AssertionError: did not expect to find [true] but found [false]
at com.webtest.hejia.ExcelFrontTest.test46(Unknown Source)
at java.util.ArrayList.forEach(ArrayList.java:1259)
... Removed 30 stack frames]]>
    </failure>
  </testcase> <!-- test46 -->
  <testcase name="test47" time="1.027" classname="com.webtest.hejia.ExcelFrontTest">
    <failure type="java.lang.AssertionError" message="did not expect to find [true] but found [false]">
      <![CDATA[java.lang.AssertionError: did not expect to find [true] but found [false]
at com.webtest.hejia.ExcelFrontTest.test47(Unknown Source)
at java.util.ArrayList.forEach(ArrayList.java:1259)
... Removed 30 stack frames]]>
    </failure>
  </testcase> <!-- test47 -->
  <testcase name="test48" time="1.03" classname="com.webtest.hejia.ExcelFrontTest">
    <failure type="java.lang.AssertionError" message="did not expect to find [true] but found [false]">
      <![CDATA[java.lang.AssertionError: did not expect to find [true] but found [false]
at com.webtest.hejia.ExcelFrontTest.test48(Unknown Source)
at java.util.ArrayList.forEach(ArrayList.java:1259)
... Removed 30 stack frames]]>
    </failure>
  </testcase> <!-- test48 -->
  <testcase name="test49" time="1.026" classname="com.webtest.hejia.ExcelFrontTest">
    <failure type="java.lang.AssertionError" message="did not expect to find [true] but found [false]">
      <![CDATA[java.lang.AssertionError: did not expect to find [true] but found [false]
at com.webtest.hejia.ExcelFrontTest.test49(Unknown Source)
at java.util.ArrayList.forEach(ArrayList.java:1259)
... Removed 30 stack frames]]>
    </failure>
  </testcase> <!-- test49 -->
  <testcase name="test50" time="1.06" classname="com.webtest.hejia.ExcelFrontTest">
    <failure type="org.openqa.selenium.ElementClickInterceptedException" message="element click intercepted: Element &amp;lt;img src=&amp;quot;https:///data/logo/20170418/14754791367.PNG&amp;quot; alt=&amp;quot;PHPYUN人才招聘系统&amp;quot;&amp;gt; is not clickable at point (238, 82). Other element would receive the click: &amp;lt;div class=&amp;quot;layui-layer-shade&amp;quot; id=&amp;quot;layui-layer-shade2&amp;quot; times=&amp;quot;2&amp;quot; style=&amp;quot;z-index: 19891015; background-color: rgb(57, 61, 73); opacity: 0.8;&amp;quot;&amp;gt;&amp;lt;/div&amp;gt;
  (Session info: chrome=87.0.4280.88)
Build info: version: &amp;apos;3.141.59&amp;apos;, revision: &amp;apos;e82be7d358&amp;apos;, time: &amp;apos;2018-11-14T08:25:53&amp;apos;
System info: host: &amp;apos;10_0_4_6&amp;apos;, ip: &amp;apos;10.0.4.6&amp;apos;, os.name: &amp;apos;Windows Server 2012 R2&amp;apos;, os.arch: &amp;apos;amd64&amp;apos;, os.version: &amp;apos;6.3&amp;apos;, java.version: &amp;apos;1.8.0_271&amp;apos;
Driver info: org.openqa.selenium.chrome.ChromeDriver
Capabilities {acceptInsecureCerts: false, browserName: chrome, browserVersion: 87.0.4280.88, chrome: {chromedriverVersion: 87.0.4280.88 (89e2380a3e36c..., userDataDir: C:\Users\ADMINI~1\AppData\L...}, goog:chromeOptions: {debuggerAddress: localhost:59206}, javascriptEnabled: true, networkConnectionEnabled: false, pageLoadStrategy: normal, platform: WINDOWS, platformName: WINDOWS, proxy: Proxy(), setWindowRect: true, strictFileInteractability: false, timeouts: {implicit: 0, pageLoad: 300000, script: 30000}, unhandledPromptBehavior: dismiss and notify, webauthn:virtualAuthenticators: true}
Session ID: 4250af0b82eab04184f1da31077d49bd">
      <![CDATA[org.openqa.selenium.ElementClickInterceptedException: element click intercepted: Element <img src="https:///data/logo/20170418/14754791367.PNG" alt="PHPYUN人才招聘系统"> is not clickable at point (238, 82). Other element would receive the click: <div class="layui-layer-shade" id="layui-layer-shade2" times="2" style="z-index: 19891015; background-color: rgb(57, 61, 73); opacity: 0.8;"></div>
  (Session info: chrome=87.0.4280.88)
Build info: version: '3.141.59', revision: 'e82be7d358', time: '2018-11-14T08:25:53'
System info: host: '10_0_4_6', ip: '10.0.4.6', os.name: 'Windows Server 2012 R2', os.arch: 'amd64', os.version: '6.3', java.version: '1.8.0_271'
Driver info: org.openqa.selenium.chrome.ChromeDriver
Capabilities {acceptInsecureCerts: false, browserName: chrome, browserVersion: 87.0.4280.88, chrome: {chromedriverVersion: 87.0.4280.88 (89e2380a3e36c..., userDataDir: C:\Users\ADMINI~1\AppData\L...}, goog:chromeOptions: {debuggerAddress: localhost:59206}, javascriptEnabled: true, networkConnectionEnabled: false, pageLoadStrategy: normal, platform: WINDOWS, platformName: WINDOWS, proxy: Proxy(), setWindowRect: true, strictFileInteractability: false, timeouts: {implicit: 0, pageLoad: 300000, script: 30000}, unhandledPromptBehavior: dismiss and notify, webauthn:virtualAuthenticators: true}
Session ID: 4250af0b82eab04184f1da31077d49bd
at org.openqa.selenium.remote.http.W3CHttpResponseCodec.createException(W3CHttpResponseCodec.java:187)
at org.openqa.selenium.remote.http.W3CHttpResponseCodec.decode(W3CHttpResponseCodec.java:122)
at org.openqa.selenium.remote.http.W3CHttpResponseCodec.decode(W3CHttpResponseCodec.java:49)
at org.openqa.selenium.remote.HttpCommandExecutor.execute(HttpCommandExecutor.java:158)
at org.openqa.selenium.remote.service.DriverCommandExecutor.execute(DriverCommandExecutor.java:83)
at org.openqa.selenium.remote.RemoteWebDriver.execute(RemoteWebDriver.java:552)
at org.openqa.selenium.remote.RemoteWebElement.execute(RemoteWebElement.java:285)
at org.openqa.selenium.remote.RemoteWebElement.click(RemoteWebElement.java:84)
at com.webtest.core.WebDriverEngine.click(Unknown Source)
at com.webtest.hejia.ExcelFrontTest.test50(Unknown Source)
at java.util.ArrayList.forEach(ArrayList.java:1259)
... Removed 30 stack frames]]>
    </failure>
  </testcase> <!-- test50 -->
  <testcase name="test01" time="14.951" classname="com.webtest.lixiaohan.FrontTestDemo"/>
  <testcase name="test1" time="2.016" classname="com.webtest.lixiaohan.FrontTestDemo">
    <failure type="java.lang.IllegalArgumentException" message="Must provide a location for a move action.">
      <![CDATA[java.lang.IllegalArgumentException: Must provide a location for a move action.
at org.openqa.selenium.interactions.MoveMouseAction.<init>(MoveMouseAction.java:37)
at org.openqa.selenium.interactions.Actions.moveToElement(Actions.java:386)
at com.webtest.core.WebDriverEngine.mouseToElement(Unknown Source)
at com.webtest.lixiaohan.FrontTestDemo.test1(Unknown Source)
at java.util.ArrayList.forEach(ArrayList.java:1259)
... Removed 26 stack frames]]>
    </failure>
  </testcase> <!-- test1 -->
  <testcase name="test2" time="2.013" classname="com.webtest.lixiaohan.FrontTestDemo">
    <failure type="java.lang.IllegalArgumentException" message="Must provide a location for a move action.">
      <![CDATA[java.lang.IllegalArgumentException: Must provide a location for a move action.
at org.openqa.selenium.interactions.MoveMouseAction.<init>(MoveMouseAction.java:37)
at org.openqa.selenium.interactions.Actions.moveToElement(Actions.java:386)
at com.webtest.core.WebDriverEngine.mouseToElement(Unknown Source)
at com.webtest.lixiaohan.FrontTestDemo.test2(Unknown Source)
at java.util.ArrayList.forEach(ArrayList.java:1259)
... Removed 26 stack frames]]>
    </failure>
  </testcase> <!-- test2 -->
  <testcase name="test3" time="2.01" classname="com.webtest.lixiaohan.FrontTestDemo">
    <failure type="java.lang.IllegalArgumentException" message="Must provide a location for a move action.">
      <![CDATA[java.lang.IllegalArgumentException: Must provide a location for a move action.
at org.openqa.selenium.interactions.MoveMouseAction.<init>(MoveMouseAction.java:37)
at org.openqa.selenium.interactions.Actions.moveToElement(Actions.java:386)
at com.webtest.core.WebDriverEngine.mouseToElement(Unknown Source)
at com.webtest.lixiaohan.FrontTestDemo.test3(Unknown Source)
at java.util.ArrayList.forEach(ArrayList.java:1259)
... Removed 26 stack frames]]>
    </failure>
  </testcase> <!-- test3 -->
  <testcase name="test4" time="2.012" classname="com.webtest.lixiaohan.FrontTestDemo">
    <failure type="java.lang.IllegalArgumentException" message="Must provide a location for a move action.">
      <![CDATA[java.lang.IllegalArgumentException: Must provide a location for a move action.
at org.openqa.selenium.interactions.MoveMouseAction.<init>(MoveMouseAction.java:37)
at org.openqa.selenium.interactions.Actions.moveToElement(Actions.java:386)
at com.webtest.core.WebDriverEngine.mouseToElement(Unknown Source)
at com.webtest.lixiaohan.FrontTestDemo.test4(Unknown Source)
at java.util.ArrayList.forEach(ArrayList.java:1259)
... Removed 26 stack frames]]>
    </failure>
  </testcase> <!-- test4 -->
  <testcase name="test5" time="2.009" classname="com.webtest.lixiaohan.FrontTestDemo">
    <failure type="java.lang.IllegalArgumentException" message="Must provide a location for a move action.">
      <![CDATA[java.lang.IllegalArgumentException: Must provide a location for a move action.
at org.openqa.selenium.interactions.MoveMouseAction.<init>(MoveMouseAction.java:37)
at org.openqa.selenium.interactions.Actions.moveToElement(Actions.java:386)
at com.webtest.core.WebDriverEngine.mouseToElement(Unknown Source)
at com.webtest.lixiaohan.FrontTestDemo.test5(Unknown Source)
at java.util.ArrayList.forEach(ArrayList.java:1259)
... Removed 26 stack frames]]>
    </failure>
  </testcase> <!-- test5 -->
  <testcase name="test6" time="2.01" classname="com.webtest.lixiaohan.FrontTestDemo">
    <failure type="java.lang.IllegalArgumentException" message="Must provide a location for a move action.">
      <![CDATA[java.lang.IllegalArgumentException: Must provide a location for a move action.
at org.openqa.selenium.interactions.MoveMouseAction.<init>(MoveMouseAction.java:37)
at org.openqa.selenium.interactions.Actions.moveToElement(Actions.java:386)
at com.webtest.core.WebDriverEngine.mouseToElement(Unknown Source)
at com.webtest.lixiaohan.FrontTestDemo.test6(Unknown Source)
at java.util.ArrayList.forEach(ArrayList.java:1259)
... Removed 26 stack frames]]>
    </failure>
  </testcase> <!-- test6 -->
  <testcase name="test7" time="2.011" classname="com.webtest.lixiaohan.FrontTestDemo">
    <failure type="java.lang.IllegalArgumentException" message="Must provide a location for a move action.">
      <![CDATA[java.lang.IllegalArgumentException: Must provide a location for a move action.
at org.openqa.selenium.interactions.MoveMouseAction.<init>(MoveMouseAction.java:37)
at org.openqa.selenium.interactions.Actions.moveToElement(Actions.java:386)
at com.webtest.core.WebDriverEngine.mouseToElement(Unknown Source)
at com.webtest.lixiaohan.FrontTestDemo.test7(Unknown Source)
at java.util.ArrayList.forEach(ArrayList.java:1259)
... Removed 26 stack frames]]>
    </failure>
  </testcase> <!-- test7 -->
  <testcase name="test8" time="2.01" classname="com.webtest.lixiaohan.FrontTestDemo">
    <failure type="java.lang.IllegalArgumentException" message="Must provide a location for a move action.">
      <![CDATA[java.lang.IllegalArgumentException: Must provide a location for a move action.
at org.openqa.selenium.interactions.MoveMouseAction.<init>(MoveMouseAction.java:37)
at org.openqa.selenium.interactions.Actions.moveToElement(Actions.java:386)
at com.webtest.core.WebDriverEngine.mouseToElement(Unknown Source)
at com.webtest.lixiaohan.FrontTestDemo.test8(Unknown Source)
at java.util.ArrayList.forEach(ArrayList.java:1259)
... Removed 26 stack frames]]>
    </failure>
  </testcase> <!-- test8 -->
  <testcase name="test19" time="38.096" classname="com.webtest.xieyuxin.ExcelTestBack"/>
  <testcase name="test20" time="36.34" classname="com.webtest.xieyuxin.ExcelTestBack"/>
  <testcase name="test21" time="20.282" classname="com.webtest.xieyuxin.ExcelTestBack"/>
  <testcase name="test22" time="36.401" classname="com.webtest.xieyuxin.ExcelTestBack"/>
  <testcase name="test23" time="31.789" classname="com.webtest.xieyuxin.ExcelTestBack"/>
  <testcase name="test24" time="29.116" classname="com.webtest.xieyuxin.ExcelTestBack"/>
  <testcase name="test25" time="32.958" classname="com.webtest.xieyuxin.ExcelTestBack"/>
  <testcase name="test26" time="29.156" classname="com.webtest.xieyuxin.ExcelTestBack"/>
  <testcase name="test46" time="23.75" classname="com.webtest.xieyuxin.ExcelTestBack"/>
  <testcase name="test47" time="29.063" classname="com.webtest.xieyuxin.ExcelTestBack"/>
  <testcase name="test48" time="25.892" classname="com.webtest.xieyuxin.ExcelTestBack"/>
  <testcase name="test49" time="20.443" classname="com.webtest.xieyuxin.ExcelTestBack"/>
  <testcase name="test50" time="25.522" classname="com.webtest.xieyuxin.ExcelTestBack"/>
  <testcase name="test01" time="13.434" classname="com.webtest.hejia.ExcelTest"/>
  <testcase name="test02" time="12.922" classname="com.webtest.hejia.ExcelTest"/>
  <testcase name="test03" time="13.078" classname="com.webtest.hejia.ExcelTest"/>
  <testcase name="test1" time="22.828" classname="com.webtest.hejia.ExcelTest"/>
  <testcase name="test2" time="12.44" classname="com.webtest.hejia.ExcelTest"/>
  <testcase name="test3" time="25.281" classname="com.webtest.hejia.ExcelTest"/>
  <testcase name="test4" time="13.578" classname="com.webtest.hejia.ExcelTest"/>
  <testcase name="test5" time="20.032" classname="com.webtest.hejia.ExcelTest"/>
  <testcase name="test6" time="10.546" classname="com.webtest.hejia.ExcelTest"/>
  <testcase name="test7" time="28.532" classname="com.webtest.hejia.ExcelTest"/>
  <testcase name="test8" time="28.391" classname="com.webtest.hejia.ExcelTest"/>
  <testcase name="test9" time="26.891" classname="com.webtest.hejia.ExcelTest"/>
  <testcase name="test10" time="16.438" classname="com.webtest.hejia.ExcelTest"/>
  <testcase name="test11" time="20.191" classname="com.webtest.hejia.ExcelTest"/>
  <testcase name="test12" time="10.575" classname="com.webtest.hejia.ExcelTest"/>
  <testcase name="test13" time="37.797" classname="com.webtest.hejia.ExcelTest"/>
  <testcase name="test14" time="6.282" classname="com.webtest.hejia.ExcelTest"/>
  <testcase name="test15" time="15.501" classname="com.webtest.hejia.ExcelTest"/>
  <testcase name="test16" time="46.469" classname="com.webtest.hejia.ExcelTest"/>
  <testcase name="test17" time="31.907" classname="com.webtest.hejia.ExcelTest"/>
  <testcase name="test18" time="29.594" classname="com.webtest.hejia.ExcelTest"/>
  <testcase name="test19" time="28.766" classname="com.webtest.hejia.ExcelTest"/>
  <testcase name="test20" time="20.312" classname="com.webtest.hejia.ExcelTest"/>
  <testcase name="test21" time="25.36" classname="com.webtest.hejia.ExcelTest"/>
  <testcase name="test22" time="24.657" classname="com.webtest.hejia.ExcelTest"/>
  <testcase name="test23" time="28.876" classname="com.webtest.hejia.ExcelTest"/>
  <testcase name="test24" time="35.876" classname="com.webtest.hejia.ExcelTest"/>
  <testcase name="test25" time="31.844" classname="com.webtest.hejia.ExcelTest"/>
  <testcase name="test26" time="20.204" classname="com.webtest.hejia.ExcelTest"/>
  <testcase name="test27" time="16.36" classname="com.webtest.hejia.ExcelTest"/>
  <testcase name="test_a1" time="27.686" classname="com.webtest.lixiaohan.AdminTestDemo"/>
  <testcase name="test_a2" time="9.156" classname="com.webtest.lixiaohan.AdminTestDemo"/>
  <testcase name="test_a3" time="9.599" classname="com.webtest.lixiaohan.AdminTestDemo"/>
  <testcase name="test_a4" time="12.24" classname="com.webtest.lixiaohan.AdminTestDemo"/>
  <testcase name="test_a5" time="15.648" classname="com.webtest.lixiaohan.AdminTestDemo"/>
  <testcase name="test_a6" time="31.282" classname="com.webtest.lixiaohan.AdminTestDemo"/>
  <testcase name="test_a7" time="17.969" classname="com.webtest.lixiaohan.AdminTestDemo"/>
  <testcase name="test_a8" time="14.719" classname="com.webtest.lixiaohan.AdminTestDemo"/>
  <testcase name="test_a9" time="7.528" classname="com.webtest.lixiaohan.AdminTestDemo"/>
  <testcase name="test_b1" time="7.488" classname="com.webtest.lixiaohan.AdminTestDemo"/>
  <testcase name="test_b2" time="7.484" classname="com.webtest.lixiaohan.AdminTestDemo"/>
  <testcase name="test_b3" time="7.594" classname="com.webtest.lixiaohan.AdminTestDemo"/>
  <testcase name="test_b4" time="22.617" classname="com.webtest.lixiaohan.AdminTestDemo"/>
  <testcase name="test_b5" time="16.342" classname="com.webtest.lixiaohan.AdminTestDemo"/>
  <testcase name="test_b6" time="11.324" classname="com.webtest.lixiaohan.AdminTestDemo"/>
  <testcase name="test_b7" time="20.703" classname="com.webtest.lixiaohan.AdminTestDemo"/>
  <testcase name="test_b8" time="20.626" classname="com.webtest.lixiaohan.AdminTestDemo"/>
  <testcase name="test_b9" time="20.75" classname="com.webtest.lixiaohan.AdminTestDemo"/>
  <testcase name="test_c1" time="21.266" classname="com.webtest.lixiaohan.AdminTestDemo"/>
  <testcase name="test_c2" time="13.058" classname="com.webtest.lixiaohan.AdminTestDemo"/>
  <testcase name="test_c3" time="15.677" classname="com.webtest.lixiaohan.AdminTestDemo"/>
  <testcase name="test_c4" time="17.065" classname="com.webtest.lixiaohan.AdminTestDemo"/>
  <testcase name="test_c5" time="19.027" classname="com.webtest.lixiaohan.AdminTestDemo"/>
  <testcase name="test_c6" time="18.911" classname="com.webtest.lixiaohan.AdminTestDemo"/>
  <testcase name="test_c7" time="11.718" classname="com.webtest.lixiaohan.AdminTestDemo"/>
  <testcase name="test_c8" time="22.11" classname="com.webtest.lixiaohan.AdminTestDemo"/>
  <testcase name="test_c9" time="18.983" classname="com.webtest.lixiaohan.AdminTestDemo"/>
  <testcase name="test_d1" time="21.188" classname="com.webtest.lixiaohan.AdminTestDemo"/>
  <testcase name="test_d2" time="21.34" classname="com.webtest.lixiaohan.AdminTestDemo"/>
  <testcase name="test_d3" time="26.673" classname="com.webtest.lixiaohan.AdminTestDemo"/>
  <testcase name="test_d4" time="24.672" classname="com.webtest.lixiaohan.AdminTestDemo"/>
  <testcase name="test_d5" time="17.905" classname="com.webtest.lixiaohan.AdminTestDemo"/>
  <testcase name="test_d6" time="19.163" classname="com.webtest.lixiaohan.AdminTestDemo"/>
  <testcase name="test_d7" time="23.442" classname="com.webtest.lixiaohan.AdminTestDemo"/>
  <testcase name="test_d8" time="23.216" classname="com.webtest.lixiaohan.AdminTestDemo"/>
  <testcase name="test_d9" time="34.553" classname="com.webtest.lixiaohan.AdminTestDemo"/>
  <testcase name="test_e1" time="32.236" classname="com.webtest.lixiaohan.AdminTestDemo"/>
  <testcase name="test_e2" time="18.44" classname="com.webtest.lixiaohan.AdminTestDemo"/>
  <testcase name="test_e3" time="18.343" classname="com.webtest.lixiaohan.AdminTestDemo"/>
  <testcase name="test_e4" time="23.092" classname="com.webtest.lixiaohan.AdminTestDemo"/>
  <testcase name="test_e5" time="15.679" classname="com.webtest.lixiaohan.AdminTestDemo"/>
  <testcase name="test01" time="14.481" classname="com.webtest.demo.BackTestDemo">
    <failure type="java.lang.AssertionError" message="did not expect to find [true] but found [false]">
      <![CDATA[java.lang.AssertionError: did not expect to find [true] but found [false]
at com.webtest.demo.BackTestDemo.test01(Unknown Source)
at java.util.ArrayList.forEach(ArrayList.java:1259)
... Removed 30 stack frames]]>
    </failure>
  </testcase> <!-- test01 -->
  <testcase name="test02" time="6.316" classname="com.webtest.demo.BackTestDemo">
    <failure type="java.lang.NullPointerException" message="null value in entry: id=null">
      <![CDATA[java.lang.NullPointerException: null value in entry: id=null
at com.google.common.collect.CollectPreconditions.checkEntryNotNull(CollectPreconditions.java:32)
at com.google.common.collect.SingletonImmutableBiMap.<init>(SingletonImmutableBiMap.java:42)
at com.google.common.collect.ImmutableBiMap.of(ImmutableBiMap.java:72)
at com.google.common.collect.ImmutableMap.of(ImmutableMap.java:124)
at org.openqa.selenium.remote.RemoteWebDriver$RemoteTargetLocator.frame(RemoteWebDriver.java:892)
at com.webtest.core.WebDriverEngine.enterFrame1(Unknown Source)
at com.webtest.demo.BackTestDemo.test02(Unknown Source)
at java.util.ArrayList.forEach(ArrayList.java:1259)
... Removed 26 stack frames]]>
    </failure>
  </testcase> <!-- test02 -->
  <testcase name="test03" time="8.078" classname="com.webtest.demo.BackTestDemo">
    <failure type="java.lang.NullPointerException" message="null value in entry: id=null">
      <![CDATA[java.lang.NullPointerException: null value in entry: id=null
at com.google.common.collect.CollectPreconditions.checkEntryNotNull(CollectPreconditions.java:32)
at com.google.common.collect.SingletonImmutableBiMap.<init>(SingletonImmutableBiMap.java:42)
at com.google.common.collect.ImmutableBiMap.of(ImmutableBiMap.java:72)
at com.google.common.collect.ImmutableMap.of(ImmutableMap.java:124)
at org.openqa.selenium.remote.RemoteWebDriver$RemoteTargetLocator.frame(RemoteWebDriver.java:892)
at com.webtest.core.WebDriverEngine.enterFrame1(Unknown Source)
at com.webtest.demo.BackTestDemo.test03(Unknown Source)
at java.util.ArrayList.forEach(ArrayList.java:1259)
... Removed 26 stack frames]]>
    </failure>
  </testcase> <!-- test03 -->
  <testcase name="test04" time="8.064" classname="com.webtest.demo.BackTestDemo">
    <failure type="java.lang.NullPointerException" message="null value in entry: id=null">
      <![CDATA[java.lang.NullPointerException: null value in entry: id=null
at com.google.common.collect.CollectPreconditions.checkEntryNotNull(CollectPreconditions.java:32)
at com.google.common.collect.SingletonImmutableBiMap.<init>(SingletonImmutableBiMap.java:42)
at com.google.common.collect.ImmutableBiMap.of(ImmutableBiMap.java:72)
at com.google.common.collect.ImmutableMap.of(ImmutableMap.java:124)
at org.openqa.selenium.remote.RemoteWebDriver$RemoteTargetLocator.frame(RemoteWebDriver.java:892)
at com.webtest.core.WebDriverEngine.enterFrame1(Unknown Source)
at com.webtest.demo.BackTestDemo.test04(Unknown Source)
at java.util.ArrayList.forEach(ArrayList.java:1259)
... Removed 26 stack frames]]>
    </failure>
  </testcase> <!-- test04 -->
  <testcase name="test05" time="11.08" classname="com.webtest.demo.BackTestDemo">
    <failure type="java.lang.NullPointerException" message="null value in entry: id=null">
      <![CDATA[java.lang.NullPointerException: null value in entry: id=null
at com.google.common.collect.CollectPreconditions.checkEntryNotNull(CollectPreconditions.java:32)
at com.google.common.collect.SingletonImmutableBiMap.<init>(SingletonImmutableBiMap.java:42)
at com.google.common.collect.ImmutableBiMap.of(ImmutableBiMap.java:72)
at com.google.common.collect.ImmutableMap.of(ImmutableMap.java:124)
at org.openqa.selenium.remote.RemoteWebDriver$RemoteTargetLocator.frame(RemoteWebDriver.java:892)
at com.webtest.core.WebDriverEngine.enterFrame1(Unknown Source)
at com.webtest.demo.BackTestDemo.test05(Unknown Source)
at java.util.ArrayList.forEach(ArrayList.java:1259)
... Removed 26 stack frames]]>
    </failure>
  </testcase> <!-- test05 -->
  <testcase name="test06" time="11.079" classname="com.webtest.demo.BackTestDemo">
    <failure type="java.lang.NullPointerException" message="null value in entry: id=null">
      <![CDATA[java.lang.NullPointerException: null value in entry: id=null
at com.google.common.collect.CollectPreconditions.checkEntryNotNull(CollectPreconditions.java:32)
at com.google.common.collect.SingletonImmutableBiMap.<init>(SingletonImmutableBiMap.java:42)
at com.google.common.collect.ImmutableBiMap.of(ImmutableBiMap.java:72)
at com.google.common.collect.ImmutableMap.of(ImmutableMap.java:124)
at org.openqa.selenium.remote.RemoteWebDriver$RemoteTargetLocator.frame(RemoteWebDriver.java:892)
at com.webtest.core.WebDriverEngine.enterFrame1(Unknown Source)
at com.webtest.demo.BackTestDemo.test06(Unknown Source)
at java.util.ArrayList.forEach(ArrayList.java:1259)
... Removed 26 stack frames]]>
    </failure>
  </testcase> <!-- test06 -->
  <testcase name="test07" time="11.062" classname="com.webtest.demo.BackTestDemo">
    <failure type="java.lang.NullPointerException" message="null value in entry: id=null">
      <![CDATA[java.lang.NullPointerException: null value in entry: id=null
at com.google.common.collect.CollectPreconditions.checkEntryNotNull(CollectPreconditions.java:32)
at com.google.common.collect.SingletonImmutableBiMap.<init>(SingletonImmutableBiMap.java:42)
at com.google.common.collect.ImmutableBiMap.of(ImmutableBiMap.java:72)
at com.google.common.collect.ImmutableMap.of(ImmutableMap.java:124)
at org.openqa.selenium.remote.RemoteWebDriver$RemoteTargetLocator.frame(RemoteWebDriver.java:892)
at com.webtest.core.WebDriverEngine.enterFrame1(Unknown Source)
at com.webtest.demo.BackTestDemo.test07(Unknown Source)
at java.util.ArrayList.forEach(ArrayList.java:1259)
... Removed 26 stack frames]]>
    </failure>
  </testcase> <!-- test07 -->
  <testcase name="test08" time="14.14" classname="com.webtest.demo.BackTestDemo">
    <failure type="java.lang.NullPointerException" message="null value in entry: id=null">
      <![CDATA[java.lang.NullPointerException: null value in entry: id=null
at com.google.common.collect.CollectPreconditions.checkEntryNotNull(CollectPreconditions.java:32)
at com.google.common.collect.SingletonImmutableBiMap.<init>(SingletonImmutableBiMap.java:42)
at com.google.common.collect.ImmutableBiMap.of(ImmutableBiMap.java:72)
at com.google.common.collect.ImmutableMap.of(ImmutableMap.java:124)
at org.openqa.selenium.remote.RemoteWebDriver$RemoteTargetLocator.frame(RemoteWebDriver.java:892)
at com.webtest.core.WebDriverEngine.enterFrame1(Unknown Source)
at com.webtest.demo.BackTestDemo.test08(Unknown Source)
at java.util.ArrayList.forEach(ArrayList.java:1259)
... Removed 26 stack frames]]>
    </failure>
  </testcase> <!-- test08 -->
  <testcase name="test09" time="14.071" classname="com.webtest.demo.BackTestDemo">
    <failure type="java.lang.NullPointerException" message="null value in entry: id=null">
      <![CDATA[java.lang.NullPointerException: null value in entry: id=null
at com.google.common.collect.CollectPreconditions.checkEntryNotNull(CollectPreconditions.java:32)
at com.google.common.collect.SingletonImmutableBiMap.<init>(SingletonImmutableBiMap.java:42)
at com.google.common.collect.ImmutableBiMap.of(ImmutableBiMap.java:72)
at com.google.common.collect.ImmutableMap.of(ImmutableMap.java:124)
at org.openqa.selenium.remote.RemoteWebDriver$RemoteTargetLocator.frame(RemoteWebDriver.java:892)
at com.webtest.core.WebDriverEngine.enterFrame1(Unknown Source)
at com.webtest.demo.BackTestDemo.test09(Unknown Source)
at java.util.ArrayList.forEach(ArrayList.java:1259)
... Removed 26 stack frames]]>
    </failure>
  </testcase> <!-- test09 -->
  <testcase name="test10" time="9.047" classname="com.webtest.demo.BackTestDemo">
    <failure type="java.lang.NullPointerException" message="null value in entry: id=null">
      <![CDATA[java.lang.NullPointerException: null value in entry: id=null
at com.google.common.collect.CollectPreconditions.checkEntryNotNull(CollectPreconditions.java:32)
at com.google.common.collect.SingletonImmutableBiMap.<init>(SingletonImmutableBiMap.java:42)
at com.google.common.collect.ImmutableBiMap.of(ImmutableBiMap.java:72)
at com.google.common.collect.ImmutableMap.of(ImmutableMap.java:124)
at org.openqa.selenium.remote.RemoteWebDriver$RemoteTargetLocator.frame(RemoteWebDriver.java:892)
at com.webtest.core.WebDriverEngine.enterFrame1(Unknown Source)
at com.webtest.demo.BackTestDemo.test10(Unknown Source)
at java.util.ArrayList.forEach(ArrayList.java:1259)
... Removed 26 stack frames]]>
    </failure>
  </testcase> <!-- test10 -->
  <testcase name="test11" time="8.078" classname="com.webtest.demo.BackTestDemo">
    <failure type="java.lang.NullPointerException" message="null value in entry: id=null">
      <![CDATA[java.lang.NullPointerException: null value in entry: id=null
at com.google.common.collect.CollectPreconditions.checkEntryNotNull(CollectPreconditions.java:32)
at com.google.common.collect.SingletonImmutableBiMap.<init>(SingletonImmutableBiMap.java:42)
at com.google.common.collect.ImmutableBiMap.of(ImmutableBiMap.java:72)
at com.google.common.collect.ImmutableMap.of(ImmutableMap.java:124)
at org.openqa.selenium.remote.RemoteWebDriver$RemoteTargetLocator.frame(RemoteWebDriver.java:892)
at com.webtest.core.WebDriverEngine.enterFrame1(Unknown Source)
at com.webtest.demo.BackTestDemo.test11(Unknown Source)
at java.util.ArrayList.forEach(ArrayList.java:1259)
... Removed 26 stack frames]]>
    </failure>
  </testcase> <!-- test11 -->
  <testcase name="test12" time="8.053" classname="com.webtest.demo.BackTestDemo">
    <failure type="java.lang.NullPointerException" message="null value in entry: id=null">
      <![CDATA[java.lang.NullPointerException: null value in entry: id=null
at com.google.common.collect.CollectPreconditions.checkEntryNotNull(CollectPreconditions.java:32)
at com.google.common.collect.SingletonImmutableBiMap.<init>(SingletonImmutableBiMap.java:42)
at com.google.common.collect.ImmutableBiMap.of(ImmutableBiMap.java:72)
at com.google.common.collect.ImmutableMap.of(ImmutableMap.java:124)
at org.openqa.selenium.remote.RemoteWebDriver$RemoteTargetLocator.frame(RemoteWebDriver.java:892)
at com.webtest.core.WebDriverEngine.enterFrame1(Unknown Source)
at com.webtest.demo.BackTestDemo.test12(Unknown Source)
at java.util.ArrayList.forEach(ArrayList.java:1259)
... Removed 26 stack frames]]>
    </failure>
  </testcase> <!-- test12 -->
  <testcase name="test13" time="8.081" classname="com.webtest.demo.BackTestDemo">
    <failure type="java.lang.NullPointerException" message="null value in entry: id=null">
      <![CDATA[java.lang.NullPointerException: null value in entry: id=null
at com.google.common.collect.CollectPreconditions.checkEntryNotNull(CollectPreconditions.java:32)
at com.google.common.collect.SingletonImmutableBiMap.<init>(SingletonImmutableBiMap.java:42)
at com.google.common.collect.ImmutableBiMap.of(ImmutableBiMap.java:72)
at com.google.common.collect.ImmutableMap.of(ImmutableMap.java:124)
at org.openqa.selenium.remote.RemoteWebDriver$RemoteTargetLocator.frame(RemoteWebDriver.java:892)
at com.webtest.core.WebDriverEngine.enterFrame1(Unknown Source)
at com.webtest.demo.BackTestDemo.test13(Unknown Source)
at java.util.ArrayList.forEach(ArrayList.java:1259)
... Removed 26 stack frames]]>
    </failure>
  </testcase> <!-- test13 -->
  <testcase name="test14" time="8.068" classname="com.webtest.demo.BackTestDemo">
    <failure type="java.lang.NullPointerException" message="null value in entry: id=null">
      <![CDATA[java.lang.NullPointerException: null value in entry: id=null
at com.google.common.collect.CollectPreconditions.checkEntryNotNull(CollectPreconditions.java:32)
at com.google.common.collect.SingletonImmutableBiMap.<init>(SingletonImmutableBiMap.java:42)
at com.google.common.collect.ImmutableBiMap.of(ImmutableBiMap.java:72)
at com.google.common.collect.ImmutableMap.of(ImmutableMap.java:124)
at org.openqa.selenium.remote.RemoteWebDriver$RemoteTargetLocator.frame(RemoteWebDriver.java:892)
at com.webtest.core.WebDriverEngine.enterFrame1(Unknown Source)
at com.webtest.demo.BackTestDemo.test14(Unknown Source)
at java.util.ArrayList.forEach(ArrayList.java:1259)
... Removed 26 stack frames]]>
    </failure>
  </testcase> <!-- test14 -->
  <testcase name="test15" time="8.073" classname="com.webtest.demo.BackTestDemo">
    <failure type="java.lang.NullPointerException" message="null value in entry: id=null">
      <![CDATA[java.lang.NullPointerException: null value in entry: id=null
at com.google.common.collect.CollectPreconditions.checkEntryNotNull(CollectPreconditions.java:32)
at com.google.common.collect.SingletonImmutableBiMap.<init>(SingletonImmutableBiMap.java:42)
at com.google.common.collect.ImmutableBiMap.of(ImmutableBiMap.java:72)
at com.google.common.collect.ImmutableMap.of(ImmutableMap.java:124)
at org.openqa.selenium.remote.RemoteWebDriver$RemoteTargetLocator.frame(RemoteWebDriver.java:892)
at com.webtest.core.WebDriverEngine.enterFrame1(Unknown Source)
at com.webtest.demo.BackTestDemo.test15(Unknown Source)
at java.util.ArrayList.forEach(ArrayList.java:1259)
... Removed 26 stack frames]]>
    </failure>
  </testcase> <!-- test15 -->
  <testcase name="test16" time="8.063" classname="com.webtest.demo.BackTestDemo">
    <failure type="java.lang.NullPointerException" message="null value in entry: id=null">
      <![CDATA[java.lang.NullPointerException: null value in entry: id=null
at com.google.common.collect.CollectPreconditions.checkEntryNotNull(CollectPreconditions.java:32)
at com.google.common.collect.SingletonImmutableBiMap.<init>(SingletonImmutableBiMap.java:42)
at com.google.common.collect.ImmutableBiMap.of(ImmutableBiMap.java:72)
at com.google.common.collect.ImmutableMap.of(ImmutableMap.java:124)
at org.openqa.selenium.remote.RemoteWebDriver$RemoteTargetLocator.frame(RemoteWebDriver.java:892)
at com.webtest.core.WebDriverEngine.enterFrame1(Unknown Source)
at com.webtest.demo.BackTestDemo.test16(Unknown Source)
at java.util.ArrayList.forEach(ArrayList.java:1259)
... Removed 26 stack frames]]>
    </failure>
  </testcase> <!-- test16 -->
  <testcase name="test17" time="11.166" classname="com.webtest.demo.BackTestDemo">
    <failure type="java.lang.NullPointerException" message="null value in entry: id=null">
      <![CDATA[java.lang.NullPointerException: null value in entry: id=null
at com.google.common.collect.CollectPreconditions.checkEntryNotNull(CollectPreconditions.java:32)
at com.google.common.collect.SingletonImmutableBiMap.<init>(SingletonImmutableBiMap.java:42)
at com.google.common.collect.ImmutableBiMap.of(ImmutableBiMap.java:72)
at com.google.common.collect.ImmutableMap.of(ImmutableMap.java:124)
at org.openqa.selenium.remote.RemoteWebDriver$RemoteTargetLocator.frame(RemoteWebDriver.java:892)
at com.webtest.core.WebDriverEngine.enterFrame1(Unknown Source)
at com.webtest.demo.BackTestDemo.test17(Unknown Source)
at java.util.ArrayList.forEach(ArrayList.java:1259)
... Removed 26 stack frames]]>
    </failure>
  </testcase> <!-- test17 -->
  <testcase name="test18" time="8.063" classname="com.webtest.demo.BackTestDemo">
    <failure type="java.lang.NullPointerException" message="null value in entry: id=null">
      <![CDATA[java.lang.NullPointerException: null value in entry: id=null
at com.google.common.collect.CollectPreconditions.checkEntryNotNull(CollectPreconditions.java:32)
at com.google.common.collect.SingletonImmutableBiMap.<init>(SingletonImmutableBiMap.java:42)
at com.google.common.collect.ImmutableBiMap.of(ImmutableBiMap.java:72)
at com.google.common.collect.ImmutableMap.of(ImmutableMap.java:124)
at org.openqa.selenium.remote.RemoteWebDriver$RemoteTargetLocator.frame(RemoteWebDriver.java:892)
at com.webtest.core.WebDriverEngine.enterFrame1(Unknown Source)
at com.webtest.demo.BackTestDemo.test18(Unknown Source)
at java.util.ArrayList.forEach(ArrayList.java:1259)
... Removed 26 stack frames]]>
    </failure>
  </testcase> <!-- test18 -->
  <testcase name="test19" time="8.062" classname="com.webtest.demo.BackTestDemo">
    <failure type="java.lang.NullPointerException" message="null value in entry: id=null">
      <![CDATA[java.lang.NullPointerException: null value in entry: id=null
at com.google.common.collect.CollectPreconditions.checkEntryNotNull(CollectPreconditions.java:32)
at com.google.common.collect.SingletonImmutableBiMap.<init>(SingletonImmutableBiMap.java:42)
at com.google.common.collect.ImmutableBiMap.of(ImmutableBiMap.java:72)
at com.google.common.collect.ImmutableMap.of(ImmutableMap.java:124)
at org.openqa.selenium.remote.RemoteWebDriver$RemoteTargetLocator.frame(RemoteWebDriver.java:892)
at com.webtest.core.WebDriverEngine.enterFrame1(Unknown Source)
at com.webtest.demo.BackTestDemo.test19(Unknown Source)
at java.util.ArrayList.forEach(ArrayList.java:1259)
... Removed 26 stack frames]]>
    </failure>
  </testcase> <!-- test19 -->
  <testcase name="test20" time="8.068" classname="com.webtest.demo.BackTestDemo">
    <failure type="java.lang.NullPointerException" message="null value in entry: id=null">
      <![CDATA[java.lang.NullPointerException: null value in entry: id=null
at com.google.common.collect.CollectPreconditions.checkEntryNotNull(CollectPreconditions.java:32)
at com.google.common.collect.SingletonImmutableBiMap.<init>(SingletonImmutableBiMap.java:42)
at com.google.common.collect.ImmutableBiMap.of(ImmutableBiMap.java:72)
at com.google.common.collect.ImmutableMap.of(ImmutableMap.java:124)
at org.openqa.selenium.remote.RemoteWebDriver$RemoteTargetLocator.frame(RemoteWebDriver.java:892)
at com.webtest.core.WebDriverEngine.enterFrame1(Unknown Source)
at com.webtest.demo.BackTestDemo.test20(Unknown Source)
at java.util.ArrayList.forEach(ArrayList.java:1259)
... Removed 26 stack frames]]>
    </failure>
  </testcase> <!-- test20 -->
  <testcase name="test21" time="56.237" classname="com.webtest.demo.BackTestDemo"/>
  <testcase name="test22" time="21.683" classname="com.webtest.demo.BackTestDemo">
    <failure type="java.lang.IllegalArgumentException" message="Must provide a location for a move action.">
      <![CDATA[java.lang.IllegalArgumentException: Must provide a location for a move action.
at org.openqa.selenium.interactions.MoveMouseAction.<init>(MoveMouseAction.java:37)
at org.openqa.selenium.interactions.Actions.moveToElement(Actions.java:386)
at com.webtest.core.WebDriverEngine.mouseToElementandClick(Unknown Source)
at com.webtest.demo.BackTestDemo.test22(Unknown Source)
at java.util.ArrayList.forEach(ArrayList.java:1259)
... Removed 26 stack frames]]>
    </failure>
  </testcase> <!-- test22 -->
  <testcase name="test23" time="23.353" classname="com.webtest.demo.BackTestDemo"/>
  <testcase name="test24" time="31.462" classname="com.webtest.demo.BackTestDemo"/>
  <testcase name="test25" time="33.519" classname="com.webtest.demo.BackTestDemo"/>
  <testcase name="test26" time="26.49" classname="com.webtest.demo.BackTestDemo"/>
  <testcase name="test27" time="34.253" classname="com.webtest.demo.BackTestDemo"/>
  <testcase name="test28" time="42.407" classname="com.webtest.demo.BackTestDemo"/>
  <testcase name="test29" time="23.74" classname="com.webtest.demo.BackTestDemo"/>
  <testcase name="test30" time="32.54" classname="com.webtest.demo.BackTestDemo"/>
  <testcase name="test14" time="31.032" classname="com.webtest.fujingyi.BackTestDemo"/>
  <testcase name="test15" time="30.507" classname="com.webtest.fujingyi.BackTestDemo"/>
  <testcase name="test16" time="30.47" classname="com.webtest.fujingyi.BackTestDemo"/>
  <testcase name="test17" time="28.975" classname="com.webtest.fujingyi.BackTestDemo"/>
  <testcase name="test18" time="29.184" classname="com.webtest.fujingyi.BackTestDemo"/>
  <testcase name="test19" time="30.056" classname="com.webtest.fujingyi.BackTestDemo"/>
  <testcase name="test20" time="29.245" classname="com.webtest.fujingyi.BackTestDemo"/>
  <testcase name="test21" time="29.377" classname="com.webtest.fujingyi.BackTestDemo"/>
  <testcase name="test22" time="29.559" classname="com.webtest.fujingyi.BackTestDemo"/>
  <testcase name="test23" time="26.123" classname="com.webtest.fujingyi.BackTestDemo"/>
  <testcase name="test24" time="35.047" classname="com.webtest.fujingyi.BackTestDemo"/>
  <testcase name="test25" time="29.792" classname="com.webtest.fujingyi.BackTestDemo"/>
  <testcase name="test26" time="29.165" classname="com.webtest.fujingyi.BackTestDemo"/>
  <testcase name="test27" time="24.961" classname="com.webtest.fujingyi.BackTestDemo"/>
  <testcase name="test28" time="31.329" classname="com.webtest.fujingyi.BackTestDemo"/>
  <testcase name="test29" time="35.967" classname="com.webtest.fujingyi.BackTestDemo"/>
  <testcase name="test30" time="32.898" classname="com.webtest.fujingyi.BackTestDemo"/>
  <testcase name="test31" time="30.021" classname="com.webtest.fujingyi.BackTestDemo"/>
  <testcase name="test32" time="29.332" classname="com.webtest.fujingyi.BackTestDemo"/>
  <testcase name="test33" time="39.019" classname="com.webtest.fujingyi.BackTestDemo"/>
  <testcase name="test34" time="29.868" classname="com.webtest.fujingyi.BackTestDemo"/>
  <testcase name="test35" time="37.187" classname="com.webtest.fujingyi.BackTestDemo"/>
  <testcase name="test36" time="18.177" classname="com.webtest.fujingyi.BackTestDemo"/>
  <testcase name="test37" time="55.133" classname="com.webtest.fujingyi.BackTestDemo"/>
  <testcase name="test38" time="32.551" classname="com.webtest.fujingyi.BackTestDemo"/>
  <testcase name="test39" time="29.347" classname="com.webtest.fujingyi.BackTestDemo"/>
  <testcase name="test40" time="29.779" classname="com.webtest.fujingyi.BackTestDemo"/>
  <testcase name="test41" time="32.642" classname="com.webtest.fujingyi.BackTestDemo"/>
  <testcase name="test42" time="37.003" classname="com.webtest.fujingyi.BackTestDemo"/>
  <testcase name="test43" time="38.839" classname="com.webtest.fujingyi.BackTestDemo"/>
  <testcase name="test44" time="26.741" classname="com.webtest.fujingyi.BackTestDemo"/>
  <testcase name="test45" time="44.484" classname="com.webtest.fujingyi.BackTestDemo"/>
  <testcase name="test46" time="36.08" classname="com.webtest.fujingyi.BackTestDemo"/>
  <testcase name="test47" time="29.848" classname="com.webtest.fujingyi.BackTestDemo"/>
  <testcase name="test48" time="44.065" classname="com.webtest.fujingyi.BackTestDemo"/>
  <testcase name="test49" time="44.54" classname="com.webtest.fujingyi.BackTestDemo"/>
  <testcase name="test50" time="37.176" classname="com.webtest.fujingyi.BackTestDemo"/>
</testsuite> <!-- t2 -->
