<?xml version="1.0" encoding="UTF-8"?>
<!-- Generated by org.testng.reporters.JUnitReportReporter -->
<testsuite skipped="0" hostname="10_0_4_6" name="com.webtest.demo.BackTestDemo" tests="30" failures="1" timestamp="2020-12-12T15:36:25 CST" time="1011.122" errors="0">
  <testcase name="test30" time="32.604" classname="com.webtest.demo.BackTestDemo"/>
  <testcase name="test07" time="31.708" classname="com.webtest.demo.BackTestDemo"/>
  <testcase name="test09" time="38.532" classname="com.webtest.demo.BackTestDemo"/>
  <testcase name="test29" time="23.832" classname="com.webtest.demo.BackTestDemo"/>
  <testcase name="test13" time="21.086" classname="com.webtest.demo.BackTestDemo">
    <failure type="java.lang.AssertionError" message="did not expect to find [true] but found [false]">
      <![CDATA[java.lang.AssertionError: did not expect to find [true] but found [false]
at org.testng.Assert.fail(Assert.java:97)
at org.testng.Assert.failNotEquals(Assert.java:969)
at org.testng.Assert.assertTrue(Assert.java:43)
at org.testng.Assert.assertTrue(Assert.java:53)
at com.webtest.demo.BackTestDemo.test13(BackTestDemo.java:271)
at sun.reflect.NativeMethodAccessorImpl.invoke0(Native Method)
at sun.reflect.NativeMethodAccessorImpl.invoke(NativeMethodAccessorImpl.java:62)
at sun.reflect.DelegatingMethodAccessorImpl.invoke(DelegatingMethodAccessorImpl.java:43)
at java.lang.reflect.Method.invoke(Method.java:498)
at org.testng.internal.MethodInvocationHelper.invokeMethod(MethodInvocationHelper.java:133)
at org.testng.internal.TestInvoker.invokeMethod(TestInvoker.java:584)
at org.testng.internal.TestInvoker.invokeTestMethod(TestInvoker.java:172)
at org.testng.internal.MethodRunner.runInSequence(MethodRunner.java:46)
at org.testng.internal.TestInvoker$MethodInvocationAgent.invoke(TestInvoker.java:804)
at org.testng.internal.TestInvoker.invokeTestMethods(TestInvoker.java:145)
at org.testng.internal.TestMethodWorker.invokeTestMethods(TestMethodWorker.java:146)
at org.testng.internal.TestMethodWorker.run(TestMethodWorker.java:128)
at java.util.ArrayList.forEach(ArrayList.java:1259)
at org.testng.TestRunner.privateRun(TestRunner.java:770)
at org.testng.TestRunner.run(TestRunner.java:591)
at org.testng.SuiteRunner.runTest(SuiteRunner.java:402)
at org.testng.SuiteRunner.runSequentially(SuiteRunner.java:396)
at org.testng.SuiteRunner.privateRun(SuiteRunner.java:355)
at org.testng.SuiteRunner.run(SuiteRunner.java:304)
at org.testng.SuiteRunnerWorker.runSuite(SuiteRunnerWorker.java:53)
at org.testng.SuiteRunnerWorker.run(SuiteRunnerWorker.java:96)
at org.testng.TestNG.runSuitesSequentially(TestNG.java:1180)
at org.testng.TestNG.runSuitesLocally(TestNG.java:1102)
at org.testng.TestNG.runSuites(TestNG.java:1032)
at org.testng.TestNG.run(TestNG.java:1000)
at org.testng.remote.AbstractRemoteTestNG.run(AbstractRemoteTestNG.java:115)
at org.testng.remote.RemoteTestNG.initAndRun(RemoteTestNG.java:251)
at org.testng.remote.RemoteTestNG.main(RemoteTestNG.java:77)
]]>
    </failure>
  </testcase> <!-- test13 -->
  <testcase name="test03" time="37.796" classname="com.webtest.demo.BackTestDemo"/>
  <testcase name="test14" time="32.026" classname="com.webtest.demo.BackTestDemo"/>
  <testcase name="test25" time="33.533" classname="com.webtest.demo.BackTestDemo"/>
  <testcase name="test27" time="34.210" classname="com.webtest.demo.BackTestDemo"/>
  <testcase name="test16" time="26.455" classname="com.webtest.demo.BackTestDemo"/>
  <testcase name="test05" time="38.285" classname="com.webtest.demo.BackTestDemo"/>
  <testcase name="test06" time="32.078" classname="com.webtest.demo.BackTestDemo"/>
  <testcase name="test10" time="29.747" classname="com.webtest.demo.BackTestDemo"/>
  <testcase name="test28" time="45.183" classname="com.webtest.demo.BackTestDemo"/>
  <testcase name="test15" time="26.181" classname="com.webtest.demo.BackTestDemo"/>
  <testcase name="test12" time="32.490" classname="com.webtest.demo.BackTestDemo"/>
  <testcase name="test21" time="57.980" classname="com.webtest.demo.BackTestDemo"/>
  <testcase name="test01" time="19.409" classname="com.webtest.demo.BackTestDemo"/>
  <testcase name="test19" time="32.410" classname="com.webtest.demo.BackTestDemo"/>
  <testcase name="test04" time="50.823" classname="com.webtest.demo.BackTestDemo"/>
  <testcase name="test18" time="41.899" classname="com.webtest.demo.BackTestDemo"/>
  <testcase name="test20" time="26.578" classname="com.webtest.demo.BackTestDemo"/>
  <testcase name="test17" time="51.411" classname="com.webtest.demo.BackTestDemo"/>
  <testcase name="test24" time="37.668" classname="com.webtest.demo.BackTestDemo"/>
  <testcase name="test08" time="41.318" classname="com.webtest.demo.BackTestDemo"/>
  <testcase name="test02" time="23.862" classname="com.webtest.demo.BackTestDemo"/>
  <testcase name="test11" time="22.820" classname="com.webtest.demo.BackTestDemo"/>
  <testcase name="test22" time="36.140" classname="com.webtest.demo.BackTestDemo"/>
  <testcase name="test23" time="26.467" classname="com.webtest.demo.BackTestDemo"/>
  <testcase name="test26" time="26.591" classname="com.webtest.demo.BackTestDemo"/>
</testsuite> <!-- com.webtest.demo.BackTestDemo -->
